2024-06-26T14:11:56.723+0500	INFO	app/app.go:94	gRPC Server Listening	{"url": ":9090"}
2024-06-26T14:13:28.357+0500	INFO	app/main.go:36	Resume service stops !
2024-06-26T14:13:34.067+0500	INFO	app/app.go:94	gRPC Server Listening	{"url": ":9080"}
2024-06-26T14:36:09.247+0500	ERROR	services/users.go:159	ERROR: column "lang" of relation "resumes" does not exist (SQLSTATE 42703)
github.com/dostonshernazarov/resume_maker/user-service/internal/delivery/grpc/services.resumeRPC.CreateResume
	/home/doston/project/go/src/musobaqa/resume_maker/resume-service/internal/delivery/grpc/services/users.go:159
github.com/dostonshernazarov/resume_maker/user-service/genproto/resume_service._ResumeService_CreateResume_Handler.func1
	/home/doston/project/go/src/musobaqa/resume_maker/resume-service/genproto/resume_service/resume_service.pb.go:195
github.com/dostonshernazarov/resume_maker/user-service/internal/app.NewApp.UnaryInterceptorData.func6
	/home/doston/project/go/src/musobaqa/resume_maker/resume-service/internal/delivery/grpc/server/middleware.go:34
github.com/dostonshernazarov/resume_maker/user-service/internal/app.NewApp.UnaryInterceptor.func7.1.1
	/home/doston/project/go/src/musobaqa/resume_maker/resume-service/internal/delivery/grpc/server/middleware.go:16
github.com/grpc-ecosystem/go-grpc-middleware/recovery.UnaryServerInterceptor.func1
	/home/doston/project/go/pkg/mod/github.com/grpc-ecosystem/go-grpc-middleware@v1.4.0/recovery/interceptors.go:33
github.com/dostonshernazarov/resume_maker/user-service/internal/app.NewApp.ChainUnaryServer.func5.1
	/home/doston/project/go/pkg/mod/github.com/grpc-ecosystem/go-grpc-middleware@v1.4.0/chain.go:48
github.com/grpc-ecosystem/go-grpc-middleware/logging/zap.UnaryServerInterceptor.func1
	/home/doston/project/go/pkg/mod/github.com/grpc-ecosystem/go-grpc-middleware@v1.4.0/logging/zap/server_interceptors.go:31
github.com/dostonshernazarov/resume_maker/user-service/internal/app.NewApp.ChainUnaryServer.func5.1
	/home/doston/project/go/pkg/mod/github.com/grpc-ecosystem/go-grpc-middleware@v1.4.0/chain.go:48
github.com/grpc-ecosystem/go-grpc-middleware/tags.UnaryServerInterceptor.func1
	/home/doston/project/go/pkg/mod/github.com/grpc-ecosystem/go-grpc-middleware@v1.4.0/tags/interceptors.go:23
github.com/dostonshernazarov/resume_maker/user-service/internal/app.NewApp.ChainUnaryServer.func5
	/home/doston/project/go/pkg/mod/github.com/grpc-ecosystem/go-grpc-middleware@v1.4.0/chain.go:53
github.com/dostonshernazarov/resume_maker/user-service/internal/app.NewApp.UnaryInterceptor.func7.1.1
	/home/doston/project/go/src/musobaqa/resume_maker/resume-service/internal/delivery/grpc/server/middleware.go:16
github.com/dostonshernazarov/resume_maker/user-service/internal/app.NewApp.UnaryInterceptor.func7
	/home/doston/project/go/src/musobaqa/resume_maker/resume-service/internal/delivery/grpc/server/middleware.go:23
github.com/dostonshernazarov/resume_maker/user-service/genproto/resume_service._ResumeService_CreateResume_Handler
	/home/doston/project/go/src/musobaqa/resume_maker/resume-service/genproto/resume_service/resume_service.pb.go:197
google.golang.org/grpc.(*Server).processUnaryRPC
	/home/doston/project/go/pkg/mod/google.golang.org/grpc@v1.63.2/server.go:1369
google.golang.org/grpc.(*Server).handleStream
	/home/doston/project/go/pkg/mod/google.golang.org/grpc@v1.63.2/server.go:1780
google.golang.org/grpc.(*Server).serveStreams.func2.1
	/home/doston/project/go/pkg/mod/google.golang.org/grpc@v1.63.2/server.go:1019
2024-06-26T14:36:09.248+0500	ERROR	zap/options.go:212	finished unary call with code Unknown	{"grpc.start_time": "2024-06-26T14:36:09+05:00", "system": "grpc", "span.kind": "server", "grpc.service": "resume_service.ResumeService", "grpc.method": "CreateResume", "peer.address": "127.0.0.1:36626", "error": "ERROR: column \"lang\" of relation \"resumes\" does not exist (SQLSTATE 42703)", "grpc.code": "Unknown", "grpc.time_ms": 32.705}
github.com/grpc-ecosystem/go-grpc-middleware/logging/zap.DefaultMessageProducer
	/home/doston/project/go/pkg/mod/github.com/grpc-ecosystem/go-grpc-middleware@v1.4.0/logging/zap/options.go:212
github.com/grpc-ecosystem/go-grpc-middleware/logging/zap.UnaryServerInterceptor.func1
	/home/doston/project/go/pkg/mod/github.com/grpc-ecosystem/go-grpc-middleware@v1.4.0/logging/zap/server_interceptors.go:39
github.com/dostonshernazarov/resume_maker/user-service/internal/app.NewApp.ChainUnaryServer.func5.1
	/home/doston/project/go/pkg/mod/github.com/grpc-ecosystem/go-grpc-middleware@v1.4.0/chain.go:48
github.com/grpc-ecosystem/go-grpc-middleware/tags.UnaryServerInterceptor.func1
	/home/doston/project/go/pkg/mod/github.com/grpc-ecosystem/go-grpc-middleware@v1.4.0/tags/interceptors.go:23
github.com/dostonshernazarov/resume_maker/user-service/internal/app.NewApp.ChainUnaryServer.func5
	/home/doston/project/go/pkg/mod/github.com/grpc-ecosystem/go-grpc-middleware@v1.4.0/chain.go:53
github.com/dostonshernazarov/resume_maker/user-service/internal/app.NewApp.UnaryInterceptor.func7.1.1
	/home/doston/project/go/src/musobaqa/resume_maker/resume-service/internal/delivery/grpc/server/middleware.go:16
github.com/dostonshernazarov/resume_maker/user-service/internal/app.NewApp.UnaryInterceptor.func7
	/home/doston/project/go/src/musobaqa/resume_maker/resume-service/internal/delivery/grpc/server/middleware.go:23
github.com/dostonshernazarov/resume_maker/user-service/genproto/resume_service._ResumeService_CreateResume_Handler
	/home/doston/project/go/src/musobaqa/resume_maker/resume-service/genproto/resume_service/resume_service.pb.go:197
google.golang.org/grpc.(*Server).processUnaryRPC
	/home/doston/project/go/pkg/mod/google.golang.org/grpc@v1.63.2/server.go:1369
google.golang.org/grpc.(*Server).handleStream
	/home/doston/project/go/pkg/mod/google.golang.org/grpc@v1.63.2/server.go:1780
google.golang.org/grpc.(*Server).serveStreams.func2.1
	/home/doston/project/go/pkg/mod/google.golang.org/grpc@v1.63.2/server.go:1019
2024-06-26T14:41:11.843+0500	ERROR	services/users.go:159	ERROR: invalid input syntax for type date: "" (SQLSTATE 22007)
github.com/dostonshernazarov/resume_maker/user-service/internal/delivery/grpc/services.resumeRPC.CreateResume
	/home/doston/project/go/src/musobaqa/resume_maker/resume-service/internal/delivery/grpc/services/users.go:159
github.com/dostonshernazarov/resume_maker/user-service/genproto/resume_service._ResumeService_CreateResume_Handler.func1
	/home/doston/project/go/src/musobaqa/resume_maker/resume-service/genproto/resume_service/resume_service.pb.go:195
github.com/dostonshernazarov/resume_maker/user-service/internal/app.NewApp.UnaryInterceptorData.func6
	/home/doston/project/go/src/musobaqa/resume_maker/resume-service/internal/delivery/grpc/server/middleware.go:34
github.com/dostonshernazarov/resume_maker/user-service/internal/app.NewApp.UnaryInterceptor.func7.1.1
	/home/doston/project/go/src/musobaqa/resume_maker/resume-service/internal/delivery/grpc/server/middleware.go:16
github.com/grpc-ecosystem/go-grpc-middleware/recovery.UnaryServerInterceptor.func1
	/home/doston/project/go/pkg/mod/github.com/grpc-ecosystem/go-grpc-middleware@v1.4.0/recovery/interceptors.go:33
github.com/dostonshernazarov/resume_maker/user-service/internal/app.NewApp.ChainUnaryServer.func5.1
	/home/doston/project/go/pkg/mod/github.com/grpc-ecosystem/go-grpc-middleware@v1.4.0/chain.go:48
github.com/grpc-ecosystem/go-grpc-middleware/logging/zap.UnaryServerInterceptor.func1
	/home/doston/project/go/pkg/mod/github.com/grpc-ecosystem/go-grpc-middleware@v1.4.0/logging/zap/server_interceptors.go:31
github.com/dostonshernazarov/resume_maker/user-service/internal/app.NewApp.ChainUnaryServer.func5.1
	/home/doston/project/go/pkg/mod/github.com/grpc-ecosystem/go-grpc-middleware@v1.4.0/chain.go:48
github.com/grpc-ecosystem/go-grpc-middleware/tags.UnaryServerInterceptor.func1
	/home/doston/project/go/pkg/mod/github.com/grpc-ecosystem/go-grpc-middleware@v1.4.0/tags/interceptors.go:23
github.com/dostonshernazarov/resume_maker/user-service/internal/app.NewApp.ChainUnaryServer.func5
	/home/doston/project/go/pkg/mod/github.com/grpc-ecosystem/go-grpc-middleware@v1.4.0/chain.go:53
github.com/dostonshernazarov/resume_maker/user-service/internal/app.NewApp.UnaryInterceptor.func7.1.1
	/home/doston/project/go/src/musobaqa/resume_maker/resume-service/internal/delivery/grpc/server/middleware.go:16
github.com/dostonshernazarov/resume_maker/user-service/internal/app.NewApp.UnaryInterceptor.func7
	/home/doston/project/go/src/musobaqa/resume_maker/resume-service/internal/delivery/grpc/server/middleware.go:23
github.com/dostonshernazarov/resume_maker/user-service/genproto/resume_service._ResumeService_CreateResume_Handler
	/home/doston/project/go/src/musobaqa/resume_maker/resume-service/genproto/resume_service/resume_service.pb.go:197
google.golang.org/grpc.(*Server).processUnaryRPC
	/home/doston/project/go/pkg/mod/google.golang.org/grpc@v1.63.2/server.go:1369
google.golang.org/grpc.(*Server).handleStream
	/home/doston/project/go/pkg/mod/google.golang.org/grpc@v1.63.2/server.go:1780
google.golang.org/grpc.(*Server).serveStreams.func2.1
	/home/doston/project/go/pkg/mod/google.golang.org/grpc@v1.63.2/server.go:1019
2024-06-26T14:41:11.846+0500	ERROR	zap/options.go:212	finished unary call with code Unknown	{"grpc.start_time": "2024-06-26T14:41:11+05:00", "system": "grpc", "span.kind": "server", "grpc.service": "resume_service.ResumeService", "grpc.method": "CreateResume", "peer.address": "127.0.0.1:55562", "error": "ERROR: invalid input syntax for type date: \"\" (SQLSTATE 22007)", "grpc.code": "Unknown", "grpc.time_ms": 26.77}
github.com/grpc-ecosystem/go-grpc-middleware/logging/zap.DefaultMessageProducer
	/home/doston/project/go/pkg/mod/github.com/grpc-ecosystem/go-grpc-middleware@v1.4.0/logging/zap/options.go:212
github.com/grpc-ecosystem/go-grpc-middleware/logging/zap.UnaryServerInterceptor.func1
	/home/doston/project/go/pkg/mod/github.com/grpc-ecosystem/go-grpc-middleware@v1.4.0/logging/zap/server_interceptors.go:39
github.com/dostonshernazarov/resume_maker/user-service/internal/app.NewApp.ChainUnaryServer.func5.1
	/home/doston/project/go/pkg/mod/github.com/grpc-ecosystem/go-grpc-middleware@v1.4.0/chain.go:48
github.com/grpc-ecosystem/go-grpc-middleware/tags.UnaryServerInterceptor.func1
	/home/doston/project/go/pkg/mod/github.com/grpc-ecosystem/go-grpc-middleware@v1.4.0/tags/interceptors.go:23
github.com/dostonshernazarov/resume_maker/user-service/internal/app.NewApp.ChainUnaryServer.func5
	/home/doston/project/go/pkg/mod/github.com/grpc-ecosystem/go-grpc-middleware@v1.4.0/chain.go:53
github.com/dostonshernazarov/resume_maker/user-service/internal/app.NewApp.UnaryInterceptor.func7.1.1
	/home/doston/project/go/src/musobaqa/resume_maker/resume-service/internal/delivery/grpc/server/middleware.go:16
github.com/dostonshernazarov/resume_maker/user-service/internal/app.NewApp.UnaryInterceptor.func7
	/home/doston/project/go/src/musobaqa/resume_maker/resume-service/internal/delivery/grpc/server/middleware.go:23
github.com/dostonshernazarov/resume_maker/user-service/genproto/resume_service._ResumeService_CreateResume_Handler
	/home/doston/project/go/src/musobaqa/resume_maker/resume-service/genproto/resume_service/resume_service.pb.go:197
google.golang.org/grpc.(*Server).processUnaryRPC
	/home/doston/project/go/pkg/mod/google.golang.org/grpc@v1.63.2/server.go:1369
google.golang.org/grpc.(*Server).handleStream
	/home/doston/project/go/pkg/mod/google.golang.org/grpc@v1.63.2/server.go:1780
google.golang.org/grpc.(*Server).serveStreams.func2.1
	/home/doston/project/go/pkg/mod/google.golang.org/grpc@v1.63.2/server.go:1019
2024-06-26T14:46:48.224+0500	INFO	app/main.go:36	Resume service stops !
2024-06-26T14:48:19.872+0500	INFO	app/app.go:94	gRPC Server Listening	{"url": ":9080"}
2024-06-26T14:48:31.193+0500	ERROR	services/users.go:159	ERROR: invalid input syntax for type date: "" (SQLSTATE 22007)
github.com/dostonshernazarov/resume_maker/user-service/internal/delivery/grpc/services.resumeRPC.CreateResume
	/home/doston/project/go/src/musobaqa/resume_maker/resume-service/internal/delivery/grpc/services/users.go:159
github.com/dostonshernazarov/resume_maker/user-service/genproto/resume_service._ResumeService_CreateResume_Handler.func1
	/home/doston/project/go/src/musobaqa/resume_maker/resume-service/genproto/resume_service/resume_service.pb.go:195
github.com/dostonshernazarov/resume_maker/user-service/internal/app.NewApp.UnaryInterceptorData.func6
	/home/doston/project/go/src/musobaqa/resume_maker/resume-service/internal/delivery/grpc/server/middleware.go:34
github.com/dostonshernazarov/resume_maker/user-service/internal/app.NewApp.UnaryInterceptor.func7.1.1
	/home/doston/project/go/src/musobaqa/resume_maker/resume-service/internal/delivery/grpc/server/middleware.go:16
github.com/grpc-ecosystem/go-grpc-middleware/recovery.UnaryServerInterceptor.func1
	/home/doston/project/go/pkg/mod/github.com/grpc-ecosystem/go-grpc-middleware@v1.4.0/recovery/interceptors.go:33
github.com/dostonshernazarov/resume_maker/user-service/internal/app.NewApp.ChainUnaryServer.func5.1
	/home/doston/project/go/pkg/mod/github.com/grpc-ecosystem/go-grpc-middleware@v1.4.0/chain.go:48
github.com/grpc-ecosystem/go-grpc-middleware/logging/zap.UnaryServerInterceptor.func1
	/home/doston/project/go/pkg/mod/github.com/grpc-ecosystem/go-grpc-middleware@v1.4.0/logging/zap/server_interceptors.go:31
github.com/dostonshernazarov/resume_maker/user-service/internal/app.NewApp.ChainUnaryServer.func5.1
	/home/doston/project/go/pkg/mod/github.com/grpc-ecosystem/go-grpc-middleware@v1.4.0/chain.go:48
github.com/grpc-ecosystem/go-grpc-middleware/tags.UnaryServerInterceptor.func1
	/home/doston/project/go/pkg/mod/github.com/grpc-ecosystem/go-grpc-middleware@v1.4.0/tags/interceptors.go:23
github.com/dostonshernazarov/resume_maker/user-service/internal/app.NewApp.ChainUnaryServer.func5
	/home/doston/project/go/pkg/mod/github.com/grpc-ecosystem/go-grpc-middleware@v1.4.0/chain.go:53
github.com/dostonshernazarov/resume_maker/user-service/internal/app.NewApp.UnaryInterceptor.func7.1.1
	/home/doston/project/go/src/musobaqa/resume_maker/resume-service/internal/delivery/grpc/server/middleware.go:16
github.com/dostonshernazarov/resume_maker/user-service/internal/app.NewApp.UnaryInterceptor.func7
	/home/doston/project/go/src/musobaqa/resume_maker/resume-service/internal/delivery/grpc/server/middleware.go:23
github.com/dostonshernazarov/resume_maker/user-service/genproto/resume_service._ResumeService_CreateResume_Handler
	/home/doston/project/go/src/musobaqa/resume_maker/resume-service/genproto/resume_service/resume_service.pb.go:197
google.golang.org/grpc.(*Server).processUnaryRPC
	/home/doston/project/go/pkg/mod/google.golang.org/grpc@v1.63.2/server.go:1369
google.golang.org/grpc.(*Server).handleStream
	/home/doston/project/go/pkg/mod/google.golang.org/grpc@v1.63.2/server.go:1780
google.golang.org/grpc.(*Server).serveStreams.func2.1
	/home/doston/project/go/pkg/mod/google.golang.org/grpc@v1.63.2/server.go:1019
2024-06-26T14:48:31.193+0500	ERROR	zap/options.go:212	finished unary call with code Unknown	{"grpc.start_time": "2024-06-26T14:48:31+05:00", "system": "grpc", "span.kind": "server", "grpc.service": "resume_service.ResumeService", "grpc.method": "CreateResume", "peer.address": "127.0.0.1:36936", "error": "ERROR: invalid input syntax for type date: \"\" (SQLSTATE 22007)", "grpc.code": "Unknown", "grpc.time_ms": 35.953}
github.com/grpc-ecosystem/go-grpc-middleware/logging/zap.DefaultMessageProducer
	/home/doston/project/go/pkg/mod/github.com/grpc-ecosystem/go-grpc-middleware@v1.4.0/logging/zap/options.go:212
github.com/grpc-ecosystem/go-grpc-middleware/logging/zap.UnaryServerInterceptor.func1
	/home/doston/project/go/pkg/mod/github.com/grpc-ecosystem/go-grpc-middleware@v1.4.0/logging/zap/server_interceptors.go:39
github.com/dostonshernazarov/resume_maker/user-service/internal/app.NewApp.ChainUnaryServer.func5.1
	/home/doston/project/go/pkg/mod/github.com/grpc-ecosystem/go-grpc-middleware@v1.4.0/chain.go:48
github.com/grpc-ecosystem/go-grpc-middleware/tags.UnaryServerInterceptor.func1
	/home/doston/project/go/pkg/mod/github.com/grpc-ecosystem/go-grpc-middleware@v1.4.0/tags/interceptors.go:23
github.com/dostonshernazarov/resume_maker/user-service/internal/app.NewApp.ChainUnaryServer.func5
	/home/doston/project/go/pkg/mod/github.com/grpc-ecosystem/go-grpc-middleware@v1.4.0/chain.go:53
github.com/dostonshernazarov/resume_maker/user-service/internal/app.NewApp.UnaryInterceptor.func7.1.1
	/home/doston/project/go/src/musobaqa/resume_maker/resume-service/internal/delivery/grpc/server/middleware.go:16
github.com/dostonshernazarov/resume_maker/user-service/internal/app.NewApp.UnaryInterceptor.func7
	/home/doston/project/go/src/musobaqa/resume_maker/resume-service/internal/delivery/grpc/server/middleware.go:23
github.com/dostonshernazarov/resume_maker/user-service/genproto/resume_service._ResumeService_CreateResume_Handler
	/home/doston/project/go/src/musobaqa/resume_maker/resume-service/genproto/resume_service/resume_service.pb.go:197
google.golang.org/grpc.(*Server).processUnaryRPC
	/home/doston/project/go/pkg/mod/google.golang.org/grpc@v1.63.2/server.go:1369
google.golang.org/grpc.(*Server).handleStream
	/home/doston/project/go/pkg/mod/google.golang.org/grpc@v1.63.2/server.go:1780
google.golang.org/grpc.(*Server).serveStreams.func2.1
	/home/doston/project/go/pkg/mod/google.golang.org/grpc@v1.63.2/server.go:1019
2024-06-26T14:48:37.766+0500	INFO	app/main.go:36	Resume service stops !
2024-06-26T14:49:12.531+0500	INFO	app/app.go:94	gRPC Server Listening	{"url": ":9080"}
2024-06-26T14:49:24.434+0500	ERROR	services/users.go:159	ERROR: invalid input syntax for type date: "" (SQLSTATE 22007)
github.com/dostonshernazarov/resume_maker/user-service/internal/delivery/grpc/services.resumeRPC.CreateResume
	/home/doston/project/go/src/musobaqa/resume_maker/resume-service/internal/delivery/grpc/services/users.go:159
github.com/dostonshernazarov/resume_maker/user-service/genproto/resume_service._ResumeService_CreateResume_Handler.func1
	/home/doston/project/go/src/musobaqa/resume_maker/resume-service/genproto/resume_service/resume_service.pb.go:195
github.com/dostonshernazarov/resume_maker/user-service/internal/app.NewApp.UnaryInterceptorData.func6
	/home/doston/project/go/src/musobaqa/resume_maker/resume-service/internal/delivery/grpc/server/middleware.go:34
github.com/dostonshernazarov/resume_maker/user-service/internal/app.NewApp.UnaryInterceptor.func7.1.1
	/home/doston/project/go/src/musobaqa/resume_maker/resume-service/internal/delivery/grpc/server/middleware.go:16
github.com/grpc-ecosystem/go-grpc-middleware/recovery.UnaryServerInterceptor.func1
	/home/doston/project/go/pkg/mod/github.com/grpc-ecosystem/go-grpc-middleware@v1.4.0/recovery/interceptors.go:33
github.com/dostonshernazarov/resume_maker/user-service/internal/app.NewApp.ChainUnaryServer.func5.1
	/home/doston/project/go/pkg/mod/github.com/grpc-ecosystem/go-grpc-middleware@v1.4.0/chain.go:48
github.com/grpc-ecosystem/go-grpc-middleware/logging/zap.UnaryServerInterceptor.func1
	/home/doston/project/go/pkg/mod/github.com/grpc-ecosystem/go-grpc-middleware@v1.4.0/logging/zap/server_interceptors.go:31
github.com/dostonshernazarov/resume_maker/user-service/internal/app.NewApp.ChainUnaryServer.func5.1
	/home/doston/project/go/pkg/mod/github.com/grpc-ecosystem/go-grpc-middleware@v1.4.0/chain.go:48
github.com/grpc-ecosystem/go-grpc-middleware/tags.UnaryServerInterceptor.func1
	/home/doston/project/go/pkg/mod/github.com/grpc-ecosystem/go-grpc-middleware@v1.4.0/tags/interceptors.go:23
github.com/dostonshernazarov/resume_maker/user-service/internal/app.NewApp.ChainUnaryServer.func5
	/home/doston/project/go/pkg/mod/github.com/grpc-ecosystem/go-grpc-middleware@v1.4.0/chain.go:53
github.com/dostonshernazarov/resume_maker/user-service/internal/app.NewApp.UnaryInterceptor.func7.1.1
	/home/doston/project/go/src/musobaqa/resume_maker/resume-service/internal/delivery/grpc/server/middleware.go:16
github.com/dostonshernazarov/resume_maker/user-service/internal/app.NewApp.UnaryInterceptor.func7
	/home/doston/project/go/src/musobaqa/resume_maker/resume-service/internal/delivery/grpc/server/middleware.go:23
github.com/dostonshernazarov/resume_maker/user-service/genproto/resume_service._ResumeService_CreateResume_Handler
	/home/doston/project/go/src/musobaqa/resume_maker/resume-service/genproto/resume_service/resume_service.pb.go:197
google.golang.org/grpc.(*Server).processUnaryRPC
	/home/doston/project/go/pkg/mod/google.golang.org/grpc@v1.63.2/server.go:1369
google.golang.org/grpc.(*Server).handleStream
	/home/doston/project/go/pkg/mod/google.golang.org/grpc@v1.63.2/server.go:1780
google.golang.org/grpc.(*Server).serveStreams.func2.1
	/home/doston/project/go/pkg/mod/google.golang.org/grpc@v1.63.2/server.go:1019
2024-06-26T14:49:24.435+0500	ERROR	zap/options.go:212	finished unary call with code Unknown	{"grpc.start_time": "2024-06-26T14:49:24+05:00", "system": "grpc", "span.kind": "server", "grpc.service": "resume_service.ResumeService", "grpc.method": "CreateResume", "peer.address": "127.0.0.1:49226", "error": "ERROR: invalid input syntax for type date: \"\" (SQLSTATE 22007)", "grpc.code": "Unknown", "grpc.time_ms": 46.918}
github.com/grpc-ecosystem/go-grpc-middleware/logging/zap.DefaultMessageProducer
	/home/doston/project/go/pkg/mod/github.com/grpc-ecosystem/go-grpc-middleware@v1.4.0/logging/zap/options.go:212
github.com/grpc-ecosystem/go-grpc-middleware/logging/zap.UnaryServerInterceptor.func1
	/home/doston/project/go/pkg/mod/github.com/grpc-ecosystem/go-grpc-middleware@v1.4.0/logging/zap/server_interceptors.go:39
github.com/dostonshernazarov/resume_maker/user-service/internal/app.NewApp.ChainUnaryServer.func5.1
	/home/doston/project/go/pkg/mod/github.com/grpc-ecosystem/go-grpc-middleware@v1.4.0/chain.go:48
github.com/grpc-ecosystem/go-grpc-middleware/tags.UnaryServerInterceptor.func1
	/home/doston/project/go/pkg/mod/github.com/grpc-ecosystem/go-grpc-middleware@v1.4.0/tags/interceptors.go:23
github.com/dostonshernazarov/resume_maker/user-service/internal/app.NewApp.ChainUnaryServer.func5
	/home/doston/project/go/pkg/mod/github.com/grpc-ecosystem/go-grpc-middleware@v1.4.0/chain.go:53
github.com/dostonshernazarov/resume_maker/user-service/internal/app.NewApp.UnaryInterceptor.func7.1.1
	/home/doston/project/go/src/musobaqa/resume_maker/resume-service/internal/delivery/grpc/server/middleware.go:16
github.com/dostonshernazarov/resume_maker/user-service/internal/app.NewApp.UnaryInterceptor.func7
	/home/doston/project/go/src/musobaqa/resume_maker/resume-service/internal/delivery/grpc/server/middleware.go:23
github.com/dostonshernazarov/resume_maker/user-service/genproto/resume_service._ResumeService_CreateResume_Handler
	/home/doston/project/go/src/musobaqa/resume_maker/resume-service/genproto/resume_service/resume_service.pb.go:197
google.golang.org/grpc.(*Server).processUnaryRPC
	/home/doston/project/go/pkg/mod/google.golang.org/grpc@v1.63.2/server.go:1369
google.golang.org/grpc.(*Server).handleStream
	/home/doston/project/go/pkg/mod/google.golang.org/grpc@v1.63.2/server.go:1780
google.golang.org/grpc.(*Server).serveStreams.func2.1
	/home/doston/project/go/pkg/mod/google.golang.org/grpc@v1.63.2/server.go:1019
2024-06-26T14:49:29.046+0500	INFO	app/main.go:36	Resume service stops !
2024-06-26T14:49:39.551+0500	INFO	app/app.go:94	gRPC Server Listening	{"url": ":9080"}
2024-06-26T14:49:48.434+0500	ERROR	services/users.go:159	ERROR: invalid input syntax for type date: "" (SQLSTATE 22007)
github.com/dostonshernazarov/resume_maker/user-service/internal/delivery/grpc/services.resumeRPC.CreateResume
	/home/doston/project/go/src/musobaqa/resume_maker/resume-service/internal/delivery/grpc/services/users.go:159
github.com/dostonshernazarov/resume_maker/user-service/genproto/resume_service._ResumeService_CreateResume_Handler.func1
	/home/doston/project/go/src/musobaqa/resume_maker/resume-service/genproto/resume_service/resume_service.pb.go:195
github.com/dostonshernazarov/resume_maker/user-service/internal/app.NewApp.UnaryInterceptorData.func6
	/home/doston/project/go/src/musobaqa/resume_maker/resume-service/internal/delivery/grpc/server/middleware.go:34
github.com/dostonshernazarov/resume_maker/user-service/internal/app.NewApp.UnaryInterceptor.func7.1.1
	/home/doston/project/go/src/musobaqa/resume_maker/resume-service/internal/delivery/grpc/server/middleware.go:16
github.com/grpc-ecosystem/go-grpc-middleware/recovery.UnaryServerInterceptor.func1
	/home/doston/project/go/pkg/mod/github.com/grpc-ecosystem/go-grpc-middleware@v1.4.0/recovery/interceptors.go:33
github.com/dostonshernazarov/resume_maker/user-service/internal/app.NewApp.ChainUnaryServer.func5.1
	/home/doston/project/go/pkg/mod/github.com/grpc-ecosystem/go-grpc-middleware@v1.4.0/chain.go:48
github.com/grpc-ecosystem/go-grpc-middleware/logging/zap.UnaryServerInterceptor.func1
	/home/doston/project/go/pkg/mod/github.com/grpc-ecosystem/go-grpc-middleware@v1.4.0/logging/zap/server_interceptors.go:31
github.com/dostonshernazarov/resume_maker/user-service/internal/app.NewApp.ChainUnaryServer.func5.1
	/home/doston/project/go/pkg/mod/github.com/grpc-ecosystem/go-grpc-middleware@v1.4.0/chain.go:48
github.com/grpc-ecosystem/go-grpc-middleware/tags.UnaryServerInterceptor.func1
	/home/doston/project/go/pkg/mod/github.com/grpc-ecosystem/go-grpc-middleware@v1.4.0/tags/interceptors.go:23
github.com/dostonshernazarov/resume_maker/user-service/internal/app.NewApp.ChainUnaryServer.func5
	/home/doston/project/go/pkg/mod/github.com/grpc-ecosystem/go-grpc-middleware@v1.4.0/chain.go:53
github.com/dostonshernazarov/resume_maker/user-service/internal/app.NewApp.UnaryInterceptor.func7.1.1
	/home/doston/project/go/src/musobaqa/resume_maker/resume-service/internal/delivery/grpc/server/middleware.go:16
github.com/dostonshernazarov/resume_maker/user-service/internal/app.NewApp.UnaryInterceptor.func7
	/home/doston/project/go/src/musobaqa/resume_maker/resume-service/internal/delivery/grpc/server/middleware.go:23
github.com/dostonshernazarov/resume_maker/user-service/genproto/resume_service._ResumeService_CreateResume_Handler
	/home/doston/project/go/src/musobaqa/resume_maker/resume-service/genproto/resume_service/resume_service.pb.go:197
google.golang.org/grpc.(*Server).processUnaryRPC
	/home/doston/project/go/pkg/mod/google.golang.org/grpc@v1.63.2/server.go:1369
google.golang.org/grpc.(*Server).handleStream
	/home/doston/project/go/pkg/mod/google.golang.org/grpc@v1.63.2/server.go:1780
google.golang.org/grpc.(*Server).serveStreams.func2.1
	/home/doston/project/go/pkg/mod/google.golang.org/grpc@v1.63.2/server.go:1019
2024-06-26T14:49:48.434+0500	ERROR	zap/options.go:212	finished unary call with code Unknown	{"grpc.start_time": "2024-06-26T14:49:48+05:00", "system": "grpc", "span.kind": "server", "grpc.service": "resume_service.ResumeService", "grpc.method": "CreateResume", "peer.address": "127.0.0.1:50426", "error": "ERROR: invalid input syntax for type date: \"\" (SQLSTATE 22007)", "grpc.code": "Unknown", "grpc.time_ms": 30.755}
github.com/grpc-ecosystem/go-grpc-middleware/logging/zap.DefaultMessageProducer
	/home/doston/project/go/pkg/mod/github.com/grpc-ecosystem/go-grpc-middleware@v1.4.0/logging/zap/options.go:212
github.com/grpc-ecosystem/go-grpc-middleware/logging/zap.UnaryServerInterceptor.func1
	/home/doston/project/go/pkg/mod/github.com/grpc-ecosystem/go-grpc-middleware@v1.4.0/logging/zap/server_interceptors.go:39
github.com/dostonshernazarov/resume_maker/user-service/internal/app.NewApp.ChainUnaryServer.func5.1
	/home/doston/project/go/pkg/mod/github.com/grpc-ecosystem/go-grpc-middleware@v1.4.0/chain.go:48
github.com/grpc-ecosystem/go-grpc-middleware/tags.UnaryServerInterceptor.func1
	/home/doston/project/go/pkg/mod/github.com/grpc-ecosystem/go-grpc-middleware@v1.4.0/tags/interceptors.go:23
github.com/dostonshernazarov/resume_maker/user-service/internal/app.NewApp.ChainUnaryServer.func5
	/home/doston/project/go/pkg/mod/github.com/grpc-ecosystem/go-grpc-middleware@v1.4.0/chain.go:53
github.com/dostonshernazarov/resume_maker/user-service/internal/app.NewApp.UnaryInterceptor.func7.1.1
	/home/doston/project/go/src/musobaqa/resume_maker/resume-service/internal/delivery/grpc/server/middleware.go:16
github.com/dostonshernazarov/resume_maker/user-service/internal/app.NewApp.UnaryInterceptor.func7
	/home/doston/project/go/src/musobaqa/resume_maker/resume-service/internal/delivery/grpc/server/middleware.go:23
github.com/dostonshernazarov/resume_maker/user-service/genproto/resume_service._ResumeService_CreateResume_Handler
	/home/doston/project/go/src/musobaqa/resume_maker/resume-service/genproto/resume_service/resume_service.pb.go:197
google.golang.org/grpc.(*Server).processUnaryRPC
	/home/doston/project/go/pkg/mod/google.golang.org/grpc@v1.63.2/server.go:1369
google.golang.org/grpc.(*Server).handleStream
	/home/doston/project/go/pkg/mod/google.golang.org/grpc@v1.63.2/server.go:1780
google.golang.org/grpc.(*Server).serveStreams.func2.1
	/home/doston/project/go/pkg/mod/google.golang.org/grpc@v1.63.2/server.go:1019
2024-06-26T14:49:56.776+0500	INFO	app/main.go:36	Resume service stops !
2024-06-26T14:50:22.808+0500	INFO	app/app.go:94	gRPC Server Listening	{"url": ":9080"}
2024-06-26T14:50:32.165+0500	ERROR	services/users.go:159	ERROR: invalid input syntax for type date: "" (SQLSTATE 22007)
github.com/dostonshernazarov/resume_maker/user-service/internal/delivery/grpc/services.resumeRPC.CreateResume
	/home/doston/project/go/src/musobaqa/resume_maker/resume-service/internal/delivery/grpc/services/users.go:159
github.com/dostonshernazarov/resume_maker/user-service/genproto/resume_service._ResumeService_CreateResume_Handler.func1
	/home/doston/project/go/src/musobaqa/resume_maker/resume-service/genproto/resume_service/resume_service.pb.go:195
github.com/dostonshernazarov/resume_maker/user-service/internal/app.NewApp.UnaryInterceptorData.func6
	/home/doston/project/go/src/musobaqa/resume_maker/resume-service/internal/delivery/grpc/server/middleware.go:34
github.com/dostonshernazarov/resume_maker/user-service/internal/app.NewApp.UnaryInterceptor.func7.1.1
	/home/doston/project/go/src/musobaqa/resume_maker/resume-service/internal/delivery/grpc/server/middleware.go:16
github.com/grpc-ecosystem/go-grpc-middleware/recovery.UnaryServerInterceptor.func1
	/home/doston/project/go/pkg/mod/github.com/grpc-ecosystem/go-grpc-middleware@v1.4.0/recovery/interceptors.go:33
github.com/dostonshernazarov/resume_maker/user-service/internal/app.NewApp.ChainUnaryServer.func5.1
	/home/doston/project/go/pkg/mod/github.com/grpc-ecosystem/go-grpc-middleware@v1.4.0/chain.go:48
github.com/grpc-ecosystem/go-grpc-middleware/logging/zap.UnaryServerInterceptor.func1
	/home/doston/project/go/pkg/mod/github.com/grpc-ecosystem/go-grpc-middleware@v1.4.0/logging/zap/server_interceptors.go:31
github.com/dostonshernazarov/resume_maker/user-service/internal/app.NewApp.ChainUnaryServer.func5.1
	/home/doston/project/go/pkg/mod/github.com/grpc-ecosystem/go-grpc-middleware@v1.4.0/chain.go:48
github.com/grpc-ecosystem/go-grpc-middleware/tags.UnaryServerInterceptor.func1
	/home/doston/project/go/pkg/mod/github.com/grpc-ecosystem/go-grpc-middleware@v1.4.0/tags/interceptors.go:23
github.com/dostonshernazarov/resume_maker/user-service/internal/app.NewApp.ChainUnaryServer.func5
	/home/doston/project/go/pkg/mod/github.com/grpc-ecosystem/go-grpc-middleware@v1.4.0/chain.go:53
github.com/dostonshernazarov/resume_maker/user-service/internal/app.NewApp.UnaryInterceptor.func7.1.1
	/home/doston/project/go/src/musobaqa/resume_maker/resume-service/internal/delivery/grpc/server/middleware.go:16
github.com/dostonshernazarov/resume_maker/user-service/internal/app.NewApp.UnaryInterceptor.func7
	/home/doston/project/go/src/musobaqa/resume_maker/resume-service/internal/delivery/grpc/server/middleware.go:23
github.com/dostonshernazarov/resume_maker/user-service/genproto/resume_service._ResumeService_CreateResume_Handler
	/home/doston/project/go/src/musobaqa/resume_maker/resume-service/genproto/resume_service/resume_service.pb.go:197
google.golang.org/grpc.(*Server).processUnaryRPC
	/home/doston/project/go/pkg/mod/google.golang.org/grpc@v1.63.2/server.go:1369
google.golang.org/grpc.(*Server).handleStream
	/home/doston/project/go/pkg/mod/google.golang.org/grpc@v1.63.2/server.go:1780
google.golang.org/grpc.(*Server).serveStreams.func2.1
	/home/doston/project/go/pkg/mod/google.golang.org/grpc@v1.63.2/server.go:1019
2024-06-26T14:50:32.166+0500	ERROR	zap/options.go:212	finished unary call with code Unknown	{"grpc.start_time": "2024-06-26T14:50:32+05:00", "system": "grpc", "span.kind": "server", "grpc.service": "resume_service.ResumeService", "grpc.method": "CreateResume", "peer.address": "127.0.0.1:48272", "error": "ERROR: invalid input syntax for type date: \"\" (SQLSTATE 22007)", "grpc.code": "Unknown", "grpc.time_ms": 33.336}
github.com/grpc-ecosystem/go-grpc-middleware/logging/zap.DefaultMessageProducer
	/home/doston/project/go/pkg/mod/github.com/grpc-ecosystem/go-grpc-middleware@v1.4.0/logging/zap/options.go:212
github.com/grpc-ecosystem/go-grpc-middleware/logging/zap.UnaryServerInterceptor.func1
	/home/doston/project/go/pkg/mod/github.com/grpc-ecosystem/go-grpc-middleware@v1.4.0/logging/zap/server_interceptors.go:39
github.com/dostonshernazarov/resume_maker/user-service/internal/app.NewApp.ChainUnaryServer.func5.1
	/home/doston/project/go/pkg/mod/github.com/grpc-ecosystem/go-grpc-middleware@v1.4.0/chain.go:48
github.com/grpc-ecosystem/go-grpc-middleware/tags.UnaryServerInterceptor.func1
	/home/doston/project/go/pkg/mod/github.com/grpc-ecosystem/go-grpc-middleware@v1.4.0/tags/interceptors.go:23
github.com/dostonshernazarov/resume_maker/user-service/internal/app.NewApp.ChainUnaryServer.func5
	/home/doston/project/go/pkg/mod/github.com/grpc-ecosystem/go-grpc-middleware@v1.4.0/chain.go:53
github.com/dostonshernazarov/resume_maker/user-service/internal/app.NewApp.UnaryInterceptor.func7.1.1
	/home/doston/project/go/src/musobaqa/resume_maker/resume-service/internal/delivery/grpc/server/middleware.go:16
github.com/dostonshernazarov/resume_maker/user-service/internal/app.NewApp.UnaryInterceptor.func7
	/home/doston/project/go/src/musobaqa/resume_maker/resume-service/internal/delivery/grpc/server/middleware.go:23
github.com/dostonshernazarov/resume_maker/user-service/genproto/resume_service._ResumeService_CreateResume_Handler
	/home/doston/project/go/src/musobaqa/resume_maker/resume-service/genproto/resume_service/resume_service.pb.go:197
google.golang.org/grpc.(*Server).processUnaryRPC
	/home/doston/project/go/pkg/mod/google.golang.org/grpc@v1.63.2/server.go:1369
google.golang.org/grpc.(*Server).handleStream
	/home/doston/project/go/pkg/mod/google.golang.org/grpc@v1.63.2/server.go:1780
google.golang.org/grpc.(*Server).serveStreams.func2.1
	/home/doston/project/go/pkg/mod/google.golang.org/grpc@v1.63.2/server.go:1019
2024-06-26T14:50:36.508+0500	INFO	app/main.go:36	Resume service stops !
2024-06-26T14:50:45.520+0500	INFO	app/app.go:94	gRPC Server Listening	{"url": ":9080"}
2024-06-26T14:50:54.835+0500	ERROR	services/users.go:159	ERROR: invalid input syntax for type date: "" (SQLSTATE 22007)
github.com/dostonshernazarov/resume_maker/user-service/internal/delivery/grpc/services.resumeRPC.CreateResume
	/home/doston/project/go/src/musobaqa/resume_maker/resume-service/internal/delivery/grpc/services/users.go:159
github.com/dostonshernazarov/resume_maker/user-service/genproto/resume_service._ResumeService_CreateResume_Handler.func1
	/home/doston/project/go/src/musobaqa/resume_maker/resume-service/genproto/resume_service/resume_service.pb.go:195
github.com/dostonshernazarov/resume_maker/user-service/internal/app.NewApp.UnaryInterceptorData.func6
	/home/doston/project/go/src/musobaqa/resume_maker/resume-service/internal/delivery/grpc/server/middleware.go:34
github.com/dostonshernazarov/resume_maker/user-service/internal/app.NewApp.UnaryInterceptor.func7.1.1
	/home/doston/project/go/src/musobaqa/resume_maker/resume-service/internal/delivery/grpc/server/middleware.go:16
github.com/grpc-ecosystem/go-grpc-middleware/recovery.UnaryServerInterceptor.func1
	/home/doston/project/go/pkg/mod/github.com/grpc-ecosystem/go-grpc-middleware@v1.4.0/recovery/interceptors.go:33
github.com/dostonshernazarov/resume_maker/user-service/internal/app.NewApp.ChainUnaryServer.func5.1
	/home/doston/project/go/pkg/mod/github.com/grpc-ecosystem/go-grpc-middleware@v1.4.0/chain.go:48
github.com/grpc-ecosystem/go-grpc-middleware/logging/zap.UnaryServerInterceptor.func1
	/home/doston/project/go/pkg/mod/github.com/grpc-ecosystem/go-grpc-middleware@v1.4.0/logging/zap/server_interceptors.go:31
github.com/dostonshernazarov/resume_maker/user-service/internal/app.NewApp.ChainUnaryServer.func5.1
	/home/doston/project/go/pkg/mod/github.com/grpc-ecosystem/go-grpc-middleware@v1.4.0/chain.go:48
github.com/grpc-ecosystem/go-grpc-middleware/tags.UnaryServerInterceptor.func1
	/home/doston/project/go/pkg/mod/github.com/grpc-ecosystem/go-grpc-middleware@v1.4.0/tags/interceptors.go:23
github.com/dostonshernazarov/resume_maker/user-service/internal/app.NewApp.ChainUnaryServer.func5
	/home/doston/project/go/pkg/mod/github.com/grpc-ecosystem/go-grpc-middleware@v1.4.0/chain.go:53
github.com/dostonshernazarov/resume_maker/user-service/internal/app.NewApp.UnaryInterceptor.func7.1.1
	/home/doston/project/go/src/musobaqa/resume_maker/resume-service/internal/delivery/grpc/server/middleware.go:16
github.com/dostonshernazarov/resume_maker/user-service/internal/app.NewApp.UnaryInterceptor.func7
	/home/doston/project/go/src/musobaqa/resume_maker/resume-service/internal/delivery/grpc/server/middleware.go:23
github.com/dostonshernazarov/resume_maker/user-service/genproto/resume_service._ResumeService_CreateResume_Handler
	/home/doston/project/go/src/musobaqa/resume_maker/resume-service/genproto/resume_service/resume_service.pb.go:197
google.golang.org/grpc.(*Server).processUnaryRPC
	/home/doston/project/go/pkg/mod/google.golang.org/grpc@v1.63.2/server.go:1369
google.golang.org/grpc.(*Server).handleStream
	/home/doston/project/go/pkg/mod/google.golang.org/grpc@v1.63.2/server.go:1780
google.golang.org/grpc.(*Server).serveStreams.func2.1
	/home/doston/project/go/pkg/mod/google.golang.org/grpc@v1.63.2/server.go:1019
2024-06-26T14:50:54.837+0500	ERROR	zap/options.go:212	finished unary call with code Unknown	{"grpc.start_time": "2024-06-26T14:50:54+05:00", "system": "grpc", "span.kind": "server", "grpc.service": "resume_service.ResumeService", "grpc.method": "CreateResume", "peer.address": "127.0.0.1:56788", "error": "ERROR: invalid input syntax for type date: \"\" (SQLSTATE 22007)", "grpc.code": "Unknown", "grpc.time_ms": 44.881}
github.com/grpc-ecosystem/go-grpc-middleware/logging/zap.DefaultMessageProducer
	/home/doston/project/go/pkg/mod/github.com/grpc-ecosystem/go-grpc-middleware@v1.4.0/logging/zap/options.go:212
github.com/grpc-ecosystem/go-grpc-middleware/logging/zap.UnaryServerInterceptor.func1
	/home/doston/project/go/pkg/mod/github.com/grpc-ecosystem/go-grpc-middleware@v1.4.0/logging/zap/server_interceptors.go:39
github.com/dostonshernazarov/resume_maker/user-service/internal/app.NewApp.ChainUnaryServer.func5.1
	/home/doston/project/go/pkg/mod/github.com/grpc-ecosystem/go-grpc-middleware@v1.4.0/chain.go:48
github.com/grpc-ecosystem/go-grpc-middleware/tags.UnaryServerInterceptor.func1
	/home/doston/project/go/pkg/mod/github.com/grpc-ecosystem/go-grpc-middleware@v1.4.0/tags/interceptors.go:23
github.com/dostonshernazarov/resume_maker/user-service/internal/app.NewApp.ChainUnaryServer.func5
	/home/doston/project/go/pkg/mod/github.com/grpc-ecosystem/go-grpc-middleware@v1.4.0/chain.go:53
github.com/dostonshernazarov/resume_maker/user-service/internal/app.NewApp.UnaryInterceptor.func7.1.1
	/home/doston/project/go/src/musobaqa/resume_maker/resume-service/internal/delivery/grpc/server/middleware.go:16
github.com/dostonshernazarov/resume_maker/user-service/internal/app.NewApp.UnaryInterceptor.func7
	/home/doston/project/go/src/musobaqa/resume_maker/resume-service/internal/delivery/grpc/server/middleware.go:23
github.com/dostonshernazarov/resume_maker/user-service/genproto/resume_service._ResumeService_CreateResume_Handler
	/home/doston/project/go/src/musobaqa/resume_maker/resume-service/genproto/resume_service/resume_service.pb.go:197
google.golang.org/grpc.(*Server).processUnaryRPC
	/home/doston/project/go/pkg/mod/google.golang.org/grpc@v1.63.2/server.go:1369
google.golang.org/grpc.(*Server).handleStream
	/home/doston/project/go/pkg/mod/google.golang.org/grpc@v1.63.2/server.go:1780
google.golang.org/grpc.(*Server).serveStreams.func2.1
	/home/doston/project/go/pkg/mod/google.golang.org/grpc@v1.63.2/server.go:1019
2024-06-26T14:50:59.817+0500	INFO	app/main.go:36	Resume service stops !
2024-06-26T14:58:42.262+0500	INFO	app/app.go:94	gRPC Server Listening	{"url": ":9080"}
2024-06-26T15:02:20.637+0500	ERROR	services/users.go:159	ERROR: invalid input syntax for type date: "" (SQLSTATE 22007)
github.com/dostonshernazarov/resume_maker/user-service/internal/delivery/grpc/services.resumeRPC.CreateResume
	/home/doston/project/go/src/musobaqa/resume_maker/resume-service/internal/delivery/grpc/services/users.go:159
github.com/dostonshernazarov/resume_maker/user-service/genproto/resume_service._ResumeService_CreateResume_Handler.func1
	/home/doston/project/go/src/musobaqa/resume_maker/resume-service/genproto/resume_service/resume_service.pb.go:195
github.com/dostonshernazarov/resume_maker/user-service/internal/app.NewApp.UnaryInterceptorData.func6
	/home/doston/project/go/src/musobaqa/resume_maker/resume-service/internal/delivery/grpc/server/middleware.go:34
github.com/dostonshernazarov/resume_maker/user-service/internal/app.NewApp.UnaryInterceptor.func7.1.1
	/home/doston/project/go/src/musobaqa/resume_maker/resume-service/internal/delivery/grpc/server/middleware.go:16
github.com/grpc-ecosystem/go-grpc-middleware/recovery.UnaryServerInterceptor.func1
	/home/doston/project/go/pkg/mod/github.com/grpc-ecosystem/go-grpc-middleware@v1.4.0/recovery/interceptors.go:33
github.com/dostonshernazarov/resume_maker/user-service/internal/app.NewApp.ChainUnaryServer.func5.1
	/home/doston/project/go/pkg/mod/github.com/grpc-ecosystem/go-grpc-middleware@v1.4.0/chain.go:48
github.com/grpc-ecosystem/go-grpc-middleware/logging/zap.UnaryServerInterceptor.func1
	/home/doston/project/go/pkg/mod/github.com/grpc-ecosystem/go-grpc-middleware@v1.4.0/logging/zap/server_interceptors.go:31
github.com/dostonshernazarov/resume_maker/user-service/internal/app.NewApp.ChainUnaryServer.func5.1
	/home/doston/project/go/pkg/mod/github.com/grpc-ecosystem/go-grpc-middleware@v1.4.0/chain.go:48
github.com/grpc-ecosystem/go-grpc-middleware/tags.UnaryServerInterceptor.func1
	/home/doston/project/go/pkg/mod/github.com/grpc-ecosystem/go-grpc-middleware@v1.4.0/tags/interceptors.go:23
github.com/dostonshernazarov/resume_maker/user-service/internal/app.NewApp.ChainUnaryServer.func5
	/home/doston/project/go/pkg/mod/github.com/grpc-ecosystem/go-grpc-middleware@v1.4.0/chain.go:53
github.com/dostonshernazarov/resume_maker/user-service/internal/app.NewApp.UnaryInterceptor.func7.1.1
	/home/doston/project/go/src/musobaqa/resume_maker/resume-service/internal/delivery/grpc/server/middleware.go:16
github.com/dostonshernazarov/resume_maker/user-service/internal/app.NewApp.UnaryInterceptor.func7
	/home/doston/project/go/src/musobaqa/resume_maker/resume-service/internal/delivery/grpc/server/middleware.go:23
github.com/dostonshernazarov/resume_maker/user-service/genproto/resume_service._ResumeService_CreateResume_Handler
	/home/doston/project/go/src/musobaqa/resume_maker/resume-service/genproto/resume_service/resume_service.pb.go:197
google.golang.org/grpc.(*Server).processUnaryRPC
	/home/doston/project/go/pkg/mod/google.golang.org/grpc@v1.63.2/server.go:1369
google.golang.org/grpc.(*Server).handleStream
	/home/doston/project/go/pkg/mod/google.golang.org/grpc@v1.63.2/server.go:1780
google.golang.org/grpc.(*Server).serveStreams.func2.1
	/home/doston/project/go/pkg/mod/google.golang.org/grpc@v1.63.2/server.go:1019
2024-06-26T15:02:20.638+0500	ERROR	zap/options.go:212	finished unary call with code Unknown	{"grpc.start_time": "2024-06-26T15:02:20+05:00", "system": "grpc", "span.kind": "server", "grpc.service": "resume_service.ResumeService", "grpc.method": "CreateResume", "peer.address": "127.0.0.1:45046", "error": "ERROR: invalid input syntax for type date: \"\" (SQLSTATE 22007)", "grpc.code": "Unknown", "grpc.time_ms": 45.546}
github.com/grpc-ecosystem/go-grpc-middleware/logging/zap.DefaultMessageProducer
	/home/doston/project/go/pkg/mod/github.com/grpc-ecosystem/go-grpc-middleware@v1.4.0/logging/zap/options.go:212
github.com/grpc-ecosystem/go-grpc-middleware/logging/zap.UnaryServerInterceptor.func1
	/home/doston/project/go/pkg/mod/github.com/grpc-ecosystem/go-grpc-middleware@v1.4.0/logging/zap/server_interceptors.go:39
github.com/dostonshernazarov/resume_maker/user-service/internal/app.NewApp.ChainUnaryServer.func5.1
	/home/doston/project/go/pkg/mod/github.com/grpc-ecosystem/go-grpc-middleware@v1.4.0/chain.go:48
github.com/grpc-ecosystem/go-grpc-middleware/tags.UnaryServerInterceptor.func1
	/home/doston/project/go/pkg/mod/github.com/grpc-ecosystem/go-grpc-middleware@v1.4.0/tags/interceptors.go:23
github.com/dostonshernazarov/resume_maker/user-service/internal/app.NewApp.ChainUnaryServer.func5
	/home/doston/project/go/pkg/mod/github.com/grpc-ecosystem/go-grpc-middleware@v1.4.0/chain.go:53
github.com/dostonshernazarov/resume_maker/user-service/internal/app.NewApp.UnaryInterceptor.func7.1.1
	/home/doston/project/go/src/musobaqa/resume_maker/resume-service/internal/delivery/grpc/server/middleware.go:16
github.com/dostonshernazarov/resume_maker/user-service/internal/app.NewApp.UnaryInterceptor.func7
	/home/doston/project/go/src/musobaqa/resume_maker/resume-service/internal/delivery/grpc/server/middleware.go:23
github.com/dostonshernazarov/resume_maker/user-service/genproto/resume_service._ResumeService_CreateResume_Handler
	/home/doston/project/go/src/musobaqa/resume_maker/resume-service/genproto/resume_service/resume_service.pb.go:197
google.golang.org/grpc.(*Server).processUnaryRPC
	/home/doston/project/go/pkg/mod/google.golang.org/grpc@v1.63.2/server.go:1369
google.golang.org/grpc.(*Server).handleStream
	/home/doston/project/go/pkg/mod/google.golang.org/grpc@v1.63.2/server.go:1780
google.golang.org/grpc.(*Server).serveStreams.func2.1
	/home/doston/project/go/pkg/mod/google.golang.org/grpc@v1.63.2/server.go:1019
2024-06-26T15:02:55.035+0500	INFO	app/main.go:36	Resume service stops !
2024-06-26T15:03:07.542+0500	INFO	app/app.go:94	gRPC Server Listening	{"url": ":9080"}
2024-06-26T15:05:08.884+0500	ERROR	services/users.go:159	ERROR: invalid input syntax for type date: "" (SQLSTATE 22007)
github.com/dostonshernazarov/resume_maker/user-service/internal/delivery/grpc/services.resumeRPC.CreateResume
	/home/doston/project/go/src/musobaqa/resume_maker/resume-service/internal/delivery/grpc/services/users.go:159
github.com/dostonshernazarov/resume_maker/user-service/genproto/resume_service._ResumeService_CreateResume_Handler.func1
	/home/doston/project/go/src/musobaqa/resume_maker/resume-service/genproto/resume_service/resume_service.pb.go:195
github.com/dostonshernazarov/resume_maker/user-service/internal/app.NewApp.UnaryInterceptorData.func6
	/home/doston/project/go/src/musobaqa/resume_maker/resume-service/internal/delivery/grpc/server/middleware.go:34
github.com/dostonshernazarov/resume_maker/user-service/internal/app.NewApp.UnaryInterceptor.func7.1.1
	/home/doston/project/go/src/musobaqa/resume_maker/resume-service/internal/delivery/grpc/server/middleware.go:16
github.com/grpc-ecosystem/go-grpc-middleware/recovery.UnaryServerInterceptor.func1
	/home/doston/project/go/pkg/mod/github.com/grpc-ecosystem/go-grpc-middleware@v1.4.0/recovery/interceptors.go:33
github.com/dostonshernazarov/resume_maker/user-service/internal/app.NewApp.ChainUnaryServer.func5.1
	/home/doston/project/go/pkg/mod/github.com/grpc-ecosystem/go-grpc-middleware@v1.4.0/chain.go:48
github.com/grpc-ecosystem/go-grpc-middleware/logging/zap.UnaryServerInterceptor.func1
	/home/doston/project/go/pkg/mod/github.com/grpc-ecosystem/go-grpc-middleware@v1.4.0/logging/zap/server_interceptors.go:31
github.com/dostonshernazarov/resume_maker/user-service/internal/app.NewApp.ChainUnaryServer.func5.1
	/home/doston/project/go/pkg/mod/github.com/grpc-ecosystem/go-grpc-middleware@v1.4.0/chain.go:48
github.com/grpc-ecosystem/go-grpc-middleware/tags.UnaryServerInterceptor.func1
	/home/doston/project/go/pkg/mod/github.com/grpc-ecosystem/go-grpc-middleware@v1.4.0/tags/interceptors.go:23
github.com/dostonshernazarov/resume_maker/user-service/internal/app.NewApp.ChainUnaryServer.func5
	/home/doston/project/go/pkg/mod/github.com/grpc-ecosystem/go-grpc-middleware@v1.4.0/chain.go:53
github.com/dostonshernazarov/resume_maker/user-service/internal/app.NewApp.UnaryInterceptor.func7.1.1
	/home/doston/project/go/src/musobaqa/resume_maker/resume-service/internal/delivery/grpc/server/middleware.go:16
github.com/dostonshernazarov/resume_maker/user-service/internal/app.NewApp.UnaryInterceptor.func7
	/home/doston/project/go/src/musobaqa/resume_maker/resume-service/internal/delivery/grpc/server/middleware.go:23
github.com/dostonshernazarov/resume_maker/user-service/genproto/resume_service._ResumeService_CreateResume_Handler
	/home/doston/project/go/src/musobaqa/resume_maker/resume-service/genproto/resume_service/resume_service.pb.go:197
google.golang.org/grpc.(*Server).processUnaryRPC
	/home/doston/project/go/pkg/mod/google.golang.org/grpc@v1.63.2/server.go:1369
google.golang.org/grpc.(*Server).handleStream
	/home/doston/project/go/pkg/mod/google.golang.org/grpc@v1.63.2/server.go:1780
google.golang.org/grpc.(*Server).serveStreams.func2.1
	/home/doston/project/go/pkg/mod/google.golang.org/grpc@v1.63.2/server.go:1019
2024-06-26T15:05:08.885+0500	ERROR	zap/options.go:212	finished unary call with code Unknown	{"grpc.start_time": "2024-06-26T15:05:08+05:00", "system": "grpc", "span.kind": "server", "grpc.service": "resume_service.ResumeService", "grpc.method": "CreateResume", "peer.address": "127.0.0.1:37510", "error": "ERROR: invalid input syntax for type date: \"\" (SQLSTATE 22007)", "grpc.code": "Unknown", "grpc.time_ms": 48.578}
github.com/grpc-ecosystem/go-grpc-middleware/logging/zap.DefaultMessageProducer
	/home/doston/project/go/pkg/mod/github.com/grpc-ecosystem/go-grpc-middleware@v1.4.0/logging/zap/options.go:212
github.com/grpc-ecosystem/go-grpc-middleware/logging/zap.UnaryServerInterceptor.func1
	/home/doston/project/go/pkg/mod/github.com/grpc-ecosystem/go-grpc-middleware@v1.4.0/logging/zap/server_interceptors.go:39
github.com/dostonshernazarov/resume_maker/user-service/internal/app.NewApp.ChainUnaryServer.func5.1
	/home/doston/project/go/pkg/mod/github.com/grpc-ecosystem/go-grpc-middleware@v1.4.0/chain.go:48
github.com/grpc-ecosystem/go-grpc-middleware/tags.UnaryServerInterceptor.func1
	/home/doston/project/go/pkg/mod/github.com/grpc-ecosystem/go-grpc-middleware@v1.4.0/tags/interceptors.go:23
github.com/dostonshernazarov/resume_maker/user-service/internal/app.NewApp.ChainUnaryServer.func5
	/home/doston/project/go/pkg/mod/github.com/grpc-ecosystem/go-grpc-middleware@v1.4.0/chain.go:53
github.com/dostonshernazarov/resume_maker/user-service/internal/app.NewApp.UnaryInterceptor.func7.1.1
	/home/doston/project/go/src/musobaqa/resume_maker/resume-service/internal/delivery/grpc/server/middleware.go:16
github.com/dostonshernazarov/resume_maker/user-service/internal/app.NewApp.UnaryInterceptor.func7
	/home/doston/project/go/src/musobaqa/resume_maker/resume-service/internal/delivery/grpc/server/middleware.go:23
github.com/dostonshernazarov/resume_maker/user-service/genproto/resume_service._ResumeService_CreateResume_Handler
	/home/doston/project/go/src/musobaqa/resume_maker/resume-service/genproto/resume_service/resume_service.pb.go:197
google.golang.org/grpc.(*Server).processUnaryRPC
	/home/doston/project/go/pkg/mod/google.golang.org/grpc@v1.63.2/server.go:1369
google.golang.org/grpc.(*Server).handleStream
	/home/doston/project/go/pkg/mod/google.golang.org/grpc@v1.63.2/server.go:1780
google.golang.org/grpc.(*Server).serveStreams.func2.1
	/home/doston/project/go/pkg/mod/google.golang.org/grpc@v1.63.2/server.go:1019
2024-06-26T15:11:44.297+0500	INFO	app/main.go:36	Resume service stops !
2024-06-26T15:11:45.811+0500	INFO	app/app.go:94	gRPC Server Listening	{"url": ":9080"}
2024-06-26T15:11:59.067+0500	ERROR	services/users.go:159	ERROR: insert or update on table "locations" violates foreign key constraint "locations_user_id_fkey" (SQLSTATE 23503)
github.com/dostonshernazarov/resume_maker/user-service/internal/delivery/grpc/services.resumeRPC.CreateResume
	/home/doston/project/go/src/musobaqa/resume_maker/resume-service/internal/delivery/grpc/services/users.go:159
github.com/dostonshernazarov/resume_maker/user-service/genproto/resume_service._ResumeService_CreateResume_Handler.func1
	/home/doston/project/go/src/musobaqa/resume_maker/resume-service/genproto/resume_service/resume_service.pb.go:195
github.com/dostonshernazarov/resume_maker/user-service/internal/app.NewApp.UnaryInterceptorData.func6
	/home/doston/project/go/src/musobaqa/resume_maker/resume-service/internal/delivery/grpc/server/middleware.go:34
github.com/dostonshernazarov/resume_maker/user-service/internal/app.NewApp.UnaryInterceptor.func7.1.1
	/home/doston/project/go/src/musobaqa/resume_maker/resume-service/internal/delivery/grpc/server/middleware.go:16
github.com/grpc-ecosystem/go-grpc-middleware/recovery.UnaryServerInterceptor.func1
	/home/doston/project/go/pkg/mod/github.com/grpc-ecosystem/go-grpc-middleware@v1.4.0/recovery/interceptors.go:33
github.com/dostonshernazarov/resume_maker/user-service/internal/app.NewApp.ChainUnaryServer.func5.1
	/home/doston/project/go/pkg/mod/github.com/grpc-ecosystem/go-grpc-middleware@v1.4.0/chain.go:48
github.com/grpc-ecosystem/go-grpc-middleware/logging/zap.UnaryServerInterceptor.func1
	/home/doston/project/go/pkg/mod/github.com/grpc-ecosystem/go-grpc-middleware@v1.4.0/logging/zap/server_interceptors.go:31
github.com/dostonshernazarov/resume_maker/user-service/internal/app.NewApp.ChainUnaryServer.func5.1
	/home/doston/project/go/pkg/mod/github.com/grpc-ecosystem/go-grpc-middleware@v1.4.0/chain.go:48
github.com/grpc-ecosystem/go-grpc-middleware/tags.UnaryServerInterceptor.func1
	/home/doston/project/go/pkg/mod/github.com/grpc-ecosystem/go-grpc-middleware@v1.4.0/tags/interceptors.go:23
github.com/dostonshernazarov/resume_maker/user-service/internal/app.NewApp.ChainUnaryServer.func5
	/home/doston/project/go/pkg/mod/github.com/grpc-ecosystem/go-grpc-middleware@v1.4.0/chain.go:53
github.com/dostonshernazarov/resume_maker/user-service/internal/app.NewApp.UnaryInterceptor.func7.1.1
	/home/doston/project/go/src/musobaqa/resume_maker/resume-service/internal/delivery/grpc/server/middleware.go:16
github.com/dostonshernazarov/resume_maker/user-service/internal/app.NewApp.UnaryInterceptor.func7
	/home/doston/project/go/src/musobaqa/resume_maker/resume-service/internal/delivery/grpc/server/middleware.go:23
github.com/dostonshernazarov/resume_maker/user-service/genproto/resume_service._ResumeService_CreateResume_Handler
	/home/doston/project/go/src/musobaqa/resume_maker/resume-service/genproto/resume_service/resume_service.pb.go:197
google.golang.org/grpc.(*Server).processUnaryRPC
	/home/doston/project/go/pkg/mod/google.golang.org/grpc@v1.63.2/server.go:1369
google.golang.org/grpc.(*Server).handleStream
	/home/doston/project/go/pkg/mod/google.golang.org/grpc@v1.63.2/server.go:1780
google.golang.org/grpc.(*Server).serveStreams.func2.1
	/home/doston/project/go/pkg/mod/google.golang.org/grpc@v1.63.2/server.go:1019
2024-06-26T15:11:59.069+0500	ERROR	zap/options.go:212	finished unary call with code Unknown	{"grpc.start_time": "2024-06-26T15:11:59+05:00", "system": "grpc", "span.kind": "server", "grpc.service": "resume_service.ResumeService", "grpc.method": "CreateResume", "peer.address": "127.0.0.1:56960", "error": "ERROR: insert or update on table \"locations\" violates foreign key constraint \"locations_user_id_fkey\" (SQLSTATE 23503)", "grpc.code": "Unknown", "grpc.time_ms": 39.98}
github.com/grpc-ecosystem/go-grpc-middleware/logging/zap.DefaultMessageProducer
	/home/doston/project/go/pkg/mod/github.com/grpc-ecosystem/go-grpc-middleware@v1.4.0/logging/zap/options.go:212
github.com/grpc-ecosystem/go-grpc-middleware/logging/zap.UnaryServerInterceptor.func1
	/home/doston/project/go/pkg/mod/github.com/grpc-ecosystem/go-grpc-middleware@v1.4.0/logging/zap/server_interceptors.go:39
github.com/dostonshernazarov/resume_maker/user-service/internal/app.NewApp.ChainUnaryServer.func5.1
	/home/doston/project/go/pkg/mod/github.com/grpc-ecosystem/go-grpc-middleware@v1.4.0/chain.go:48
github.com/grpc-ecosystem/go-grpc-middleware/tags.UnaryServerInterceptor.func1
	/home/doston/project/go/pkg/mod/github.com/grpc-ecosystem/go-grpc-middleware@v1.4.0/tags/interceptors.go:23
github.com/dostonshernazarov/resume_maker/user-service/internal/app.NewApp.ChainUnaryServer.func5
	/home/doston/project/go/pkg/mod/github.com/grpc-ecosystem/go-grpc-middleware@v1.4.0/chain.go:53
github.com/dostonshernazarov/resume_maker/user-service/internal/app.NewApp.UnaryInterceptor.func7.1.1
	/home/doston/project/go/src/musobaqa/resume_maker/resume-service/internal/delivery/grpc/server/middleware.go:16
github.com/dostonshernazarov/resume_maker/user-service/internal/app.NewApp.UnaryInterceptor.func7
	/home/doston/project/go/src/musobaqa/resume_maker/resume-service/internal/delivery/grpc/server/middleware.go:23
github.com/dostonshernazarov/resume_maker/user-service/genproto/resume_service._ResumeService_CreateResume_Handler
	/home/doston/project/go/src/musobaqa/resume_maker/resume-service/genproto/resume_service/resume_service.pb.go:197
google.golang.org/grpc.(*Server).processUnaryRPC
	/home/doston/project/go/pkg/mod/google.golang.org/grpc@v1.63.2/server.go:1369
google.golang.org/grpc.(*Server).handleStream
	/home/doston/project/go/pkg/mod/google.golang.org/grpc@v1.63.2/server.go:1780
google.golang.org/grpc.(*Server).serveStreams.func2.1
	/home/doston/project/go/pkg/mod/google.golang.org/grpc@v1.63.2/server.go:1019
2024-06-26T15:13:52.296+0500	INFO	app/main.go:36	Resume service stops !
2024-06-26T15:20:10.144+0500	INFO	app/app.go:94	gRPC Server Listening	{"url": ":9080"}
2024-06-26T15:20:24.471+0500	ERROR	services/users.go:159	ERROR: insert or update on table "locations" violates foreign key constraint "locations_user_id_fkey" (SQLSTATE 23503)
github.com/dostonshernazarov/resume_maker/user-service/internal/delivery/grpc/services.resumeRPC.CreateResume
	/home/doston/project/go/src/musobaqa/resume_maker/resume-service/internal/delivery/grpc/services/users.go:159
github.com/dostonshernazarov/resume_maker/user-service/genproto/resume_service._ResumeService_CreateResume_Handler.func1
	/home/doston/project/go/src/musobaqa/resume_maker/resume-service/genproto/resume_service/resume_service.pb.go:195
github.com/dostonshernazarov/resume_maker/user-service/internal/app.NewApp.UnaryInterceptorData.func6
	/home/doston/project/go/src/musobaqa/resume_maker/resume-service/internal/delivery/grpc/server/middleware.go:34
github.com/dostonshernazarov/resume_maker/user-service/internal/app.NewApp.UnaryInterceptor.func7.1.1
	/home/doston/project/go/src/musobaqa/resume_maker/resume-service/internal/delivery/grpc/server/middleware.go:16
github.com/grpc-ecosystem/go-grpc-middleware/recovery.UnaryServerInterceptor.func1
	/home/doston/project/go/pkg/mod/github.com/grpc-ecosystem/go-grpc-middleware@v1.4.0/recovery/interceptors.go:33
github.com/dostonshernazarov/resume_maker/user-service/internal/app.NewApp.ChainUnaryServer.func5.1
	/home/doston/project/go/pkg/mod/github.com/grpc-ecosystem/go-grpc-middleware@v1.4.0/chain.go:48
github.com/grpc-ecosystem/go-grpc-middleware/logging/zap.UnaryServerInterceptor.func1
	/home/doston/project/go/pkg/mod/github.com/grpc-ecosystem/go-grpc-middleware@v1.4.0/logging/zap/server_interceptors.go:31
github.com/dostonshernazarov/resume_maker/user-service/internal/app.NewApp.ChainUnaryServer.func5.1
	/home/doston/project/go/pkg/mod/github.com/grpc-ecosystem/go-grpc-middleware@v1.4.0/chain.go:48
github.com/grpc-ecosystem/go-grpc-middleware/tags.UnaryServerInterceptor.func1
	/home/doston/project/go/pkg/mod/github.com/grpc-ecosystem/go-grpc-middleware@v1.4.0/tags/interceptors.go:23
github.com/dostonshernazarov/resume_maker/user-service/internal/app.NewApp.ChainUnaryServer.func5
	/home/doston/project/go/pkg/mod/github.com/grpc-ecosystem/go-grpc-middleware@v1.4.0/chain.go:53
github.com/dostonshernazarov/resume_maker/user-service/internal/app.NewApp.UnaryInterceptor.func7.1.1
	/home/doston/project/go/src/musobaqa/resume_maker/resume-service/internal/delivery/grpc/server/middleware.go:16
github.com/dostonshernazarov/resume_maker/user-service/internal/app.NewApp.UnaryInterceptor.func7
	/home/doston/project/go/src/musobaqa/resume_maker/resume-service/internal/delivery/grpc/server/middleware.go:23
github.com/dostonshernazarov/resume_maker/user-service/genproto/resume_service._ResumeService_CreateResume_Handler
	/home/doston/project/go/src/musobaqa/resume_maker/resume-service/genproto/resume_service/resume_service.pb.go:197
google.golang.org/grpc.(*Server).processUnaryRPC
	/home/doston/project/go/pkg/mod/google.golang.org/grpc@v1.63.2/server.go:1369
google.golang.org/grpc.(*Server).handleStream
	/home/doston/project/go/pkg/mod/google.golang.org/grpc@v1.63.2/server.go:1780
google.golang.org/grpc.(*Server).serveStreams.func2.1
	/home/doston/project/go/pkg/mod/google.golang.org/grpc@v1.63.2/server.go:1019
2024-06-26T15:20:24.471+0500	ERROR	zap/options.go:212	finished unary call with code Unknown	{"grpc.start_time": "2024-06-26T15:20:24+05:00", "system": "grpc", "span.kind": "server", "grpc.service": "resume_service.ResumeService", "grpc.method": "CreateResume", "peer.address": "127.0.0.1:43622", "error": "ERROR: insert or update on table \"locations\" violates foreign key constraint \"locations_user_id_fkey\" (SQLSTATE 23503)", "grpc.code": "Unknown", "grpc.time_ms": 21.091}
github.com/grpc-ecosystem/go-grpc-middleware/logging/zap.DefaultMessageProducer
	/home/doston/project/go/pkg/mod/github.com/grpc-ecosystem/go-grpc-middleware@v1.4.0/logging/zap/options.go:212
github.com/grpc-ecosystem/go-grpc-middleware/logging/zap.UnaryServerInterceptor.func1
	/home/doston/project/go/pkg/mod/github.com/grpc-ecosystem/go-grpc-middleware@v1.4.0/logging/zap/server_interceptors.go:39
github.com/dostonshernazarov/resume_maker/user-service/internal/app.NewApp.ChainUnaryServer.func5.1
	/home/doston/project/go/pkg/mod/github.com/grpc-ecosystem/go-grpc-middleware@v1.4.0/chain.go:48
github.com/grpc-ecosystem/go-grpc-middleware/tags.UnaryServerInterceptor.func1
	/home/doston/project/go/pkg/mod/github.com/grpc-ecosystem/go-grpc-middleware@v1.4.0/tags/interceptors.go:23
github.com/dostonshernazarov/resume_maker/user-service/internal/app.NewApp.ChainUnaryServer.func5
	/home/doston/project/go/pkg/mod/github.com/grpc-ecosystem/go-grpc-middleware@v1.4.0/chain.go:53
github.com/dostonshernazarov/resume_maker/user-service/internal/app.NewApp.UnaryInterceptor.func7.1.1
	/home/doston/project/go/src/musobaqa/resume_maker/resume-service/internal/delivery/grpc/server/middleware.go:16
github.com/dostonshernazarov/resume_maker/user-service/internal/app.NewApp.UnaryInterceptor.func7
	/home/doston/project/go/src/musobaqa/resume_maker/resume-service/internal/delivery/grpc/server/middleware.go:23
github.com/dostonshernazarov/resume_maker/user-service/genproto/resume_service._ResumeService_CreateResume_Handler
	/home/doston/project/go/src/musobaqa/resume_maker/resume-service/genproto/resume_service/resume_service.pb.go:197
google.golang.org/grpc.(*Server).processUnaryRPC
	/home/doston/project/go/pkg/mod/google.golang.org/grpc@v1.63.2/server.go:1369
google.golang.org/grpc.(*Server).handleStream
	/home/doston/project/go/pkg/mod/google.golang.org/grpc@v1.63.2/server.go:1780
google.golang.org/grpc.(*Server).serveStreams.func2.1
	/home/doston/project/go/pkg/mod/google.golang.org/grpc@v1.63.2/server.go:1019
2024-06-26T15:20:50.077+0500	INFO	app/main.go:36	Resume service stops !
2024-06-26T15:20:51.856+0500	INFO	app/app.go:94	gRPC Server Listening	{"url": ":9080"}
2024-06-26T15:20:59.509+0500	ERROR	services/users.go:159	ERROR: insert or update on table "locations" violates foreign key constraint "locations_user_id_fkey" (SQLSTATE 23503)
github.com/dostonshernazarov/resume_maker/user-service/internal/delivery/grpc/services.resumeRPC.CreateResume
	/home/doston/project/go/src/musobaqa/resume_maker/resume-service/internal/delivery/grpc/services/users.go:159
github.com/dostonshernazarov/resume_maker/user-service/genproto/resume_service._ResumeService_CreateResume_Handler.func1
	/home/doston/project/go/src/musobaqa/resume_maker/resume-service/genproto/resume_service/resume_service.pb.go:195
github.com/dostonshernazarov/resume_maker/user-service/internal/app.NewApp.UnaryInterceptorData.func6
	/home/doston/project/go/src/musobaqa/resume_maker/resume-service/internal/delivery/grpc/server/middleware.go:34
github.com/dostonshernazarov/resume_maker/user-service/internal/app.NewApp.UnaryInterceptor.func7.1.1
	/home/doston/project/go/src/musobaqa/resume_maker/resume-service/internal/delivery/grpc/server/middleware.go:16
github.com/grpc-ecosystem/go-grpc-middleware/recovery.UnaryServerInterceptor.func1
	/home/doston/project/go/pkg/mod/github.com/grpc-ecosystem/go-grpc-middleware@v1.4.0/recovery/interceptors.go:33
github.com/dostonshernazarov/resume_maker/user-service/internal/app.NewApp.ChainUnaryServer.func5.1
	/home/doston/project/go/pkg/mod/github.com/grpc-ecosystem/go-grpc-middleware@v1.4.0/chain.go:48
github.com/grpc-ecosystem/go-grpc-middleware/logging/zap.UnaryServerInterceptor.func1
	/home/doston/project/go/pkg/mod/github.com/grpc-ecosystem/go-grpc-middleware@v1.4.0/logging/zap/server_interceptors.go:31
github.com/dostonshernazarov/resume_maker/user-service/internal/app.NewApp.ChainUnaryServer.func5.1
	/home/doston/project/go/pkg/mod/github.com/grpc-ecosystem/go-grpc-middleware@v1.4.0/chain.go:48
github.com/grpc-ecosystem/go-grpc-middleware/tags.UnaryServerInterceptor.func1
	/home/doston/project/go/pkg/mod/github.com/grpc-ecosystem/go-grpc-middleware@v1.4.0/tags/interceptors.go:23
github.com/dostonshernazarov/resume_maker/user-service/internal/app.NewApp.ChainUnaryServer.func5
	/home/doston/project/go/pkg/mod/github.com/grpc-ecosystem/go-grpc-middleware@v1.4.0/chain.go:53
github.com/dostonshernazarov/resume_maker/user-service/internal/app.NewApp.UnaryInterceptor.func7.1.1
	/home/doston/project/go/src/musobaqa/resume_maker/resume-service/internal/delivery/grpc/server/middleware.go:16
github.com/dostonshernazarov/resume_maker/user-service/internal/app.NewApp.UnaryInterceptor.func7
	/home/doston/project/go/src/musobaqa/resume_maker/resume-service/internal/delivery/grpc/server/middleware.go:23
github.com/dostonshernazarov/resume_maker/user-service/genproto/resume_service._ResumeService_CreateResume_Handler
	/home/doston/project/go/src/musobaqa/resume_maker/resume-service/genproto/resume_service/resume_service.pb.go:197
google.golang.org/grpc.(*Server).processUnaryRPC
	/home/doston/project/go/pkg/mod/google.golang.org/grpc@v1.63.2/server.go:1369
google.golang.org/grpc.(*Server).handleStream
	/home/doston/project/go/pkg/mod/google.golang.org/grpc@v1.63.2/server.go:1780
google.golang.org/grpc.(*Server).serveStreams.func2.1
	/home/doston/project/go/pkg/mod/google.golang.org/grpc@v1.63.2/server.go:1019
2024-06-26T15:20:59.509+0500	ERROR	zap/options.go:212	finished unary call with code Unknown	{"grpc.start_time": "2024-06-26T15:20:59+05:00", "system": "grpc", "span.kind": "server", "grpc.service": "resume_service.ResumeService", "grpc.method": "CreateResume", "peer.address": "127.0.0.1:33960", "error": "ERROR: insert or update on table \"locations\" violates foreign key constraint \"locations_user_id_fkey\" (SQLSTATE 23503)", "grpc.code": "Unknown", "grpc.time_ms": 34.102}
github.com/grpc-ecosystem/go-grpc-middleware/logging/zap.DefaultMessageProducer
	/home/doston/project/go/pkg/mod/github.com/grpc-ecosystem/go-grpc-middleware@v1.4.0/logging/zap/options.go:212
github.com/grpc-ecosystem/go-grpc-middleware/logging/zap.UnaryServerInterceptor.func1
	/home/doston/project/go/pkg/mod/github.com/grpc-ecosystem/go-grpc-middleware@v1.4.0/logging/zap/server_interceptors.go:39
github.com/dostonshernazarov/resume_maker/user-service/internal/app.NewApp.ChainUnaryServer.func5.1
	/home/doston/project/go/pkg/mod/github.com/grpc-ecosystem/go-grpc-middleware@v1.4.0/chain.go:48
github.com/grpc-ecosystem/go-grpc-middleware/tags.UnaryServerInterceptor.func1
	/home/doston/project/go/pkg/mod/github.com/grpc-ecosystem/go-grpc-middleware@v1.4.0/tags/interceptors.go:23
github.com/dostonshernazarov/resume_maker/user-service/internal/app.NewApp.ChainUnaryServer.func5
	/home/doston/project/go/pkg/mod/github.com/grpc-ecosystem/go-grpc-middleware@v1.4.0/chain.go:53
github.com/dostonshernazarov/resume_maker/user-service/internal/app.NewApp.UnaryInterceptor.func7.1.1
	/home/doston/project/go/src/musobaqa/resume_maker/resume-service/internal/delivery/grpc/server/middleware.go:16
github.com/dostonshernazarov/resume_maker/user-service/internal/app.NewApp.UnaryInterceptor.func7
	/home/doston/project/go/src/musobaqa/resume_maker/resume-service/internal/delivery/grpc/server/middleware.go:23
github.com/dostonshernazarov/resume_maker/user-service/genproto/resume_service._ResumeService_CreateResume_Handler
	/home/doston/project/go/src/musobaqa/resume_maker/resume-service/genproto/resume_service/resume_service.pb.go:197
google.golang.org/grpc.(*Server).processUnaryRPC
	/home/doston/project/go/pkg/mod/google.golang.org/grpc@v1.63.2/server.go:1369
google.golang.org/grpc.(*Server).handleStream
	/home/doston/project/go/pkg/mod/google.golang.org/grpc@v1.63.2/server.go:1780
google.golang.org/grpc.(*Server).serveStreams.func2.1
	/home/doston/project/go/pkg/mod/google.golang.org/grpc@v1.63.2/server.go:1019
2024-06-26T15:21:31.994+0500	INFO	app/main.go:36	Resume service stops !
2024-06-26T15:21:33.883+0500	INFO	app/app.go:94	gRPC Server Listening	{"url": ":9080"}
2024-06-26T15:21:41.519+0500	ERROR	services/users.go:159	ERROR: insert or update on table "locations" violates foreign key constraint "locations_user_id_fkey" (SQLSTATE 23503)
github.com/dostonshernazarov/resume_maker/user-service/internal/delivery/grpc/services.resumeRPC.CreateResume
	/home/doston/project/go/src/musobaqa/resume_maker/resume-service/internal/delivery/grpc/services/users.go:159
github.com/dostonshernazarov/resume_maker/user-service/genproto/resume_service._ResumeService_CreateResume_Handler.func1
	/home/doston/project/go/src/musobaqa/resume_maker/resume-service/genproto/resume_service/resume_service.pb.go:195
github.com/dostonshernazarov/resume_maker/user-service/internal/app.NewApp.UnaryInterceptorData.func6
	/home/doston/project/go/src/musobaqa/resume_maker/resume-service/internal/delivery/grpc/server/middleware.go:34
github.com/dostonshernazarov/resume_maker/user-service/internal/app.NewApp.UnaryInterceptor.func7.1.1
	/home/doston/project/go/src/musobaqa/resume_maker/resume-service/internal/delivery/grpc/server/middleware.go:16
github.com/grpc-ecosystem/go-grpc-middleware/recovery.UnaryServerInterceptor.func1
	/home/doston/project/go/pkg/mod/github.com/grpc-ecosystem/go-grpc-middleware@v1.4.0/recovery/interceptors.go:33
github.com/dostonshernazarov/resume_maker/user-service/internal/app.NewApp.ChainUnaryServer.func5.1
	/home/doston/project/go/pkg/mod/github.com/grpc-ecosystem/go-grpc-middleware@v1.4.0/chain.go:48
github.com/grpc-ecosystem/go-grpc-middleware/logging/zap.UnaryServerInterceptor.func1
	/home/doston/project/go/pkg/mod/github.com/grpc-ecosystem/go-grpc-middleware@v1.4.0/logging/zap/server_interceptors.go:31
github.com/dostonshernazarov/resume_maker/user-service/internal/app.NewApp.ChainUnaryServer.func5.1
	/home/doston/project/go/pkg/mod/github.com/grpc-ecosystem/go-grpc-middleware@v1.4.0/chain.go:48
github.com/grpc-ecosystem/go-grpc-middleware/tags.UnaryServerInterceptor.func1
	/home/doston/project/go/pkg/mod/github.com/grpc-ecosystem/go-grpc-middleware@v1.4.0/tags/interceptors.go:23
github.com/dostonshernazarov/resume_maker/user-service/internal/app.NewApp.ChainUnaryServer.func5
	/home/doston/project/go/pkg/mod/github.com/grpc-ecosystem/go-grpc-middleware@v1.4.0/chain.go:53
github.com/dostonshernazarov/resume_maker/user-service/internal/app.NewApp.UnaryInterceptor.func7.1.1
	/home/doston/project/go/src/musobaqa/resume_maker/resume-service/internal/delivery/grpc/server/middleware.go:16
github.com/dostonshernazarov/resume_maker/user-service/internal/app.NewApp.UnaryInterceptor.func7
	/home/doston/project/go/src/musobaqa/resume_maker/resume-service/internal/delivery/grpc/server/middleware.go:23
github.com/dostonshernazarov/resume_maker/user-service/genproto/resume_service._ResumeService_CreateResume_Handler
	/home/doston/project/go/src/musobaqa/resume_maker/resume-service/genproto/resume_service/resume_service.pb.go:197
google.golang.org/grpc.(*Server).processUnaryRPC
	/home/doston/project/go/pkg/mod/google.golang.org/grpc@v1.63.2/server.go:1369
google.golang.org/grpc.(*Server).handleStream
	/home/doston/project/go/pkg/mod/google.golang.org/grpc@v1.63.2/server.go:1780
google.golang.org/grpc.(*Server).serveStreams.func2.1
	/home/doston/project/go/pkg/mod/google.golang.org/grpc@v1.63.2/server.go:1019
2024-06-26T15:21:41.520+0500	ERROR	zap/options.go:212	finished unary call with code Unknown	{"grpc.start_time": "2024-06-26T15:21:41+05:00", "system": "grpc", "span.kind": "server", "grpc.service": "resume_service.ResumeService", "grpc.method": "CreateResume", "peer.address": "127.0.0.1:41880", "error": "ERROR: insert or update on table \"locations\" violates foreign key constraint \"locations_user_id_fkey\" (SQLSTATE 23503)", "grpc.code": "Unknown", "grpc.time_ms": 41.609}
github.com/grpc-ecosystem/go-grpc-middleware/logging/zap.DefaultMessageProducer
	/home/doston/project/go/pkg/mod/github.com/grpc-ecosystem/go-grpc-middleware@v1.4.0/logging/zap/options.go:212
github.com/grpc-ecosystem/go-grpc-middleware/logging/zap.UnaryServerInterceptor.func1
	/home/doston/project/go/pkg/mod/github.com/grpc-ecosystem/go-grpc-middleware@v1.4.0/logging/zap/server_interceptors.go:39
github.com/dostonshernazarov/resume_maker/user-service/internal/app.NewApp.ChainUnaryServer.func5.1
	/home/doston/project/go/pkg/mod/github.com/grpc-ecosystem/go-grpc-middleware@v1.4.0/chain.go:48
github.com/grpc-ecosystem/go-grpc-middleware/tags.UnaryServerInterceptor.func1
	/home/doston/project/go/pkg/mod/github.com/grpc-ecosystem/go-grpc-middleware@v1.4.0/tags/interceptors.go:23
github.com/dostonshernazarov/resume_maker/user-service/internal/app.NewApp.ChainUnaryServer.func5
	/home/doston/project/go/pkg/mod/github.com/grpc-ecosystem/go-grpc-middleware@v1.4.0/chain.go:53
github.com/dostonshernazarov/resume_maker/user-service/internal/app.NewApp.UnaryInterceptor.func7.1.1
	/home/doston/project/go/src/musobaqa/resume_maker/resume-service/internal/delivery/grpc/server/middleware.go:16
github.com/dostonshernazarov/resume_maker/user-service/internal/app.NewApp.UnaryInterceptor.func7
	/home/doston/project/go/src/musobaqa/resume_maker/resume-service/internal/delivery/grpc/server/middleware.go:23
github.com/dostonshernazarov/resume_maker/user-service/genproto/resume_service._ResumeService_CreateResume_Handler
	/home/doston/project/go/src/musobaqa/resume_maker/resume-service/genproto/resume_service/resume_service.pb.go:197
google.golang.org/grpc.(*Server).processUnaryRPC
	/home/doston/project/go/pkg/mod/google.golang.org/grpc@v1.63.2/server.go:1369
google.golang.org/grpc.(*Server).handleStream
	/home/doston/project/go/pkg/mod/google.golang.org/grpc@v1.63.2/server.go:1780
google.golang.org/grpc.(*Server).serveStreams.func2.1
	/home/doston/project/go/pkg/mod/google.golang.org/grpc@v1.63.2/server.go:1019
2024-06-26T15:21:45.814+0500	INFO	app/main.go:36	Resume service stops !
2024-06-26T15:21:56.045+0500	INFO	app/app.go:94	gRPC Server Listening	{"url": ":9080"}
2024-06-26T15:22:03.135+0500	ERROR	services/users.go:159	ERROR: insert or update on table "locations" violates foreign key constraint "locations_user_id_fkey" (SQLSTATE 23503)
github.com/dostonshernazarov/resume_maker/user-service/internal/delivery/grpc/services.resumeRPC.CreateResume
	/home/doston/project/go/src/musobaqa/resume_maker/resume-service/internal/delivery/grpc/services/users.go:159
github.com/dostonshernazarov/resume_maker/user-service/genproto/resume_service._ResumeService_CreateResume_Handler.func1
	/home/doston/project/go/src/musobaqa/resume_maker/resume-service/genproto/resume_service/resume_service.pb.go:195
github.com/dostonshernazarov/resume_maker/user-service/internal/app.NewApp.UnaryInterceptorData.func6
	/home/doston/project/go/src/musobaqa/resume_maker/resume-service/internal/delivery/grpc/server/middleware.go:34
github.com/dostonshernazarov/resume_maker/user-service/internal/app.NewApp.UnaryInterceptor.func7.1.1
	/home/doston/project/go/src/musobaqa/resume_maker/resume-service/internal/delivery/grpc/server/middleware.go:16
github.com/grpc-ecosystem/go-grpc-middleware/recovery.UnaryServerInterceptor.func1
	/home/doston/project/go/pkg/mod/github.com/grpc-ecosystem/go-grpc-middleware@v1.4.0/recovery/interceptors.go:33
github.com/dostonshernazarov/resume_maker/user-service/internal/app.NewApp.ChainUnaryServer.func5.1
	/home/doston/project/go/pkg/mod/github.com/grpc-ecosystem/go-grpc-middleware@v1.4.0/chain.go:48
github.com/grpc-ecosystem/go-grpc-middleware/logging/zap.UnaryServerInterceptor.func1
	/home/doston/project/go/pkg/mod/github.com/grpc-ecosystem/go-grpc-middleware@v1.4.0/logging/zap/server_interceptors.go:31
github.com/dostonshernazarov/resume_maker/user-service/internal/app.NewApp.ChainUnaryServer.func5.1
	/home/doston/project/go/pkg/mod/github.com/grpc-ecosystem/go-grpc-middleware@v1.4.0/chain.go:48
github.com/grpc-ecosystem/go-grpc-middleware/tags.UnaryServerInterceptor.func1
	/home/doston/project/go/pkg/mod/github.com/grpc-ecosystem/go-grpc-middleware@v1.4.0/tags/interceptors.go:23
github.com/dostonshernazarov/resume_maker/user-service/internal/app.NewApp.ChainUnaryServer.func5
	/home/doston/project/go/pkg/mod/github.com/grpc-ecosystem/go-grpc-middleware@v1.4.0/chain.go:53
github.com/dostonshernazarov/resume_maker/user-service/internal/app.NewApp.UnaryInterceptor.func7.1.1
	/home/doston/project/go/src/musobaqa/resume_maker/resume-service/internal/delivery/grpc/server/middleware.go:16
github.com/dostonshernazarov/resume_maker/user-service/internal/app.NewApp.UnaryInterceptor.func7
	/home/doston/project/go/src/musobaqa/resume_maker/resume-service/internal/delivery/grpc/server/middleware.go:23
github.com/dostonshernazarov/resume_maker/user-service/genproto/resume_service._ResumeService_CreateResume_Handler
	/home/doston/project/go/src/musobaqa/resume_maker/resume-service/genproto/resume_service/resume_service.pb.go:197
google.golang.org/grpc.(*Server).processUnaryRPC
	/home/doston/project/go/pkg/mod/google.golang.org/grpc@v1.63.2/server.go:1369
google.golang.org/grpc.(*Server).handleStream
	/home/doston/project/go/pkg/mod/google.golang.org/grpc@v1.63.2/server.go:1780
google.golang.org/grpc.(*Server).serveStreams.func2.1
	/home/doston/project/go/pkg/mod/google.golang.org/grpc@v1.63.2/server.go:1019
2024-06-26T15:22:03.135+0500	ERROR	zap/options.go:212	finished unary call with code Unknown	{"grpc.start_time": "2024-06-26T15:22:03+05:00", "system": "grpc", "span.kind": "server", "grpc.service": "resume_service.ResumeService", "grpc.method": "CreateResume", "peer.address": "127.0.0.1:59508", "error": "ERROR: insert or update on table \"locations\" violates foreign key constraint \"locations_user_id_fkey\" (SQLSTATE 23503)", "grpc.code": "Unknown", "grpc.time_ms": 33.056}
github.com/grpc-ecosystem/go-grpc-middleware/logging/zap.DefaultMessageProducer
	/home/doston/project/go/pkg/mod/github.com/grpc-ecosystem/go-grpc-middleware@v1.4.0/logging/zap/options.go:212
github.com/grpc-ecosystem/go-grpc-middleware/logging/zap.UnaryServerInterceptor.func1
	/home/doston/project/go/pkg/mod/github.com/grpc-ecosystem/go-grpc-middleware@v1.4.0/logging/zap/server_interceptors.go:39
github.com/dostonshernazarov/resume_maker/user-service/internal/app.NewApp.ChainUnaryServer.func5.1
	/home/doston/project/go/pkg/mod/github.com/grpc-ecosystem/go-grpc-middleware@v1.4.0/chain.go:48
github.com/grpc-ecosystem/go-grpc-middleware/tags.UnaryServerInterceptor.func1
	/home/doston/project/go/pkg/mod/github.com/grpc-ecosystem/go-grpc-middleware@v1.4.0/tags/interceptors.go:23
github.com/dostonshernazarov/resume_maker/user-service/internal/app.NewApp.ChainUnaryServer.func5
	/home/doston/project/go/pkg/mod/github.com/grpc-ecosystem/go-grpc-middleware@v1.4.0/chain.go:53
github.com/dostonshernazarov/resume_maker/user-service/internal/app.NewApp.UnaryInterceptor.func7.1.1
	/home/doston/project/go/src/musobaqa/resume_maker/resume-service/internal/delivery/grpc/server/middleware.go:16
github.com/dostonshernazarov/resume_maker/user-service/internal/app.NewApp.UnaryInterceptor.func7
	/home/doston/project/go/src/musobaqa/resume_maker/resume-service/internal/delivery/grpc/server/middleware.go:23
github.com/dostonshernazarov/resume_maker/user-service/genproto/resume_service._ResumeService_CreateResume_Handler
	/home/doston/project/go/src/musobaqa/resume_maker/resume-service/genproto/resume_service/resume_service.pb.go:197
google.golang.org/grpc.(*Server).processUnaryRPC
	/home/doston/project/go/pkg/mod/google.golang.org/grpc@v1.63.2/server.go:1369
google.golang.org/grpc.(*Server).handleStream
	/home/doston/project/go/pkg/mod/google.golang.org/grpc@v1.63.2/server.go:1780
google.golang.org/grpc.(*Server).serveStreams.func2.1
	/home/doston/project/go/pkg/mod/google.golang.org/grpc@v1.63.2/server.go:1019
2024-06-26T15:22:07.161+0500	INFO	app/main.go:36	Resume service stops !
2024-06-26T15:23:55.756+0500	INFO	app/app.go:94	gRPC Server Listening	{"url": ":9080"}
2024-06-26T15:24:07.039+0500	INFO	zap/options.go:212	finished unary call with code OK	{"grpc.start_time": "2024-06-26T15:24:06+05:00", "system": "grpc", "span.kind": "server", "grpc.service": "resume_service.ResumeService", "grpc.method": "CreateResume", "peer.address": "127.0.0.1:58518", "grpc.code": "OK", "grpc.time_ms": 111.813}
2024-06-26T15:25:23.455+0500	INFO	zap/options.go:212	finished unary call with code OK	{"grpc.start_time": "2024-06-26T15:25:23+05:00", "system": "grpc", "span.kind": "server", "grpc.service": "resume_service.ResumeService", "grpc.method": "CreateResume", "peer.address": "127.0.0.1:58518", "grpc.code": "OK", "grpc.time_ms": 91.852}
2024-06-26T15:26:55.224+0500	INFO	app/main.go:36	Resume service stops !
