2024-06-26T11:43:25.216+0500	INFO	app/app.go:94	gRPC Server Listening	{"url": ":9080"}
2024-06-26T11:43:26.266+0500	INFO	app/main.go:36	Resume service stops !
2024-06-26T11:43:28.728+0500	INFO	app/app.go:94	gRPC Server Listening	{"url": ":9080"}
2024-06-26T11:43:29.519+0500	INFO	app/main.go:36	Resume service stops !
2024-06-26T12:52:28.420+0500	INFO	app/app.go:94	gRPC Server Listening	{"url": ":9080"}
2024-06-26T12:55:46.724+0500	INFO	app/main.go:36	Resume service stops !
2024-06-26T12:56:03.127+0500	INFO	app/app.go:94	gRPC Server Listening	{"url": ":9080"}
2024-06-26T12:59:17.806+0500	ERROR	services/users.go:159	ERROR: insert or update on table "locations" violates foreign key constraint "locations_user_id_fkey" (SQLSTATE 23503)
github.com/dostonshernazarov/resume_maker/user-service/internal/delivery/grpc/services.resumeRPC.CreateResume
	/home/gopher/projects/go/src/resume_maker/resume-service/internal/delivery/grpc/services/users.go:159
github.com/dostonshernazarov/resume_maker/user-service/genproto/resume_service._ResumeService_CreateResume_Handler.func1
	/home/gopher/projects/go/src/resume_maker/resume-service/genproto/resume_service/resume_service.pb.go:195
github.com/dostonshernazarov/resume_maker/user-service/internal/app.NewApp.UnaryInterceptorData.func6
	/home/gopher/projects/go/src/resume_maker/resume-service/internal/delivery/grpc/server/middleware.go:34
github.com/dostonshernazarov/resume_maker/user-service/internal/app.NewApp.UnaryInterceptor.func7.1.1
	/home/gopher/projects/go/src/resume_maker/resume-service/internal/delivery/grpc/server/middleware.go:16
github.com/grpc-ecosystem/go-grpc-middleware/recovery.UnaryServerInterceptor.func1
	/home/gopher/mod-cache/github.com/grpc-ecosystem/go-grpc-middleware@v1.4.0/recovery/interceptors.go:33
github.com/dostonshernazarov/resume_maker/user-service/internal/app.NewApp.ChainUnaryServer.func5.1
	/home/gopher/mod-cache/github.com/grpc-ecosystem/go-grpc-middleware@v1.4.0/chain.go:48
github.com/grpc-ecosystem/go-grpc-middleware/logging/zap.UnaryServerInterceptor.func1
	/home/gopher/mod-cache/github.com/grpc-ecosystem/go-grpc-middleware@v1.4.0/logging/zap/server_interceptors.go:31
github.com/dostonshernazarov/resume_maker/user-service/internal/app.NewApp.ChainUnaryServer.func5.1
	/home/gopher/mod-cache/github.com/grpc-ecosystem/go-grpc-middleware@v1.4.0/chain.go:48
github.com/grpc-ecosystem/go-grpc-middleware/tags.UnaryServerInterceptor.func1
	/home/gopher/mod-cache/github.com/grpc-ecosystem/go-grpc-middleware@v1.4.0/tags/interceptors.go:23
github.com/dostonshernazarov/resume_maker/user-service/internal/app.NewApp.ChainUnaryServer.func5
	/home/gopher/mod-cache/github.com/grpc-ecosystem/go-grpc-middleware@v1.4.0/chain.go:53
github.com/dostonshernazarov/resume_maker/user-service/internal/app.NewApp.UnaryInterceptor.func7.1.1
	/home/gopher/projects/go/src/resume_maker/resume-service/internal/delivery/grpc/server/middleware.go:16
github.com/dostonshernazarov/resume_maker/user-service/internal/app.NewApp.UnaryInterceptor.func7
	/home/gopher/projects/go/src/resume_maker/resume-service/internal/delivery/grpc/server/middleware.go:23
github.com/dostonshernazarov/resume_maker/user-service/genproto/resume_service._ResumeService_CreateResume_Handler
	/home/gopher/projects/go/src/resume_maker/resume-service/genproto/resume_service/resume_service.pb.go:197
google.golang.org/grpc.(*Server).processUnaryRPC
	/home/gopher/mod-cache/google.golang.org/grpc@v1.63.2/server.go:1369
google.golang.org/grpc.(*Server).handleStream
	/home/gopher/mod-cache/google.golang.org/grpc@v1.63.2/server.go:1780
google.golang.org/grpc.(*Server).serveStreams.func2.1
	/home/gopher/mod-cache/google.golang.org/grpc@v1.63.2/server.go:1019
2024-06-26T12:59:17.807+0500	ERROR	zap/options.go:212	finished unary call with code Unknown	{"grpc.start_time": "2024-06-26T12:59:17+05:00", "system": "grpc", "span.kind": "server", "grpc.service": "resume_service.ResumeService", "grpc.method": "CreateResume", "peer.address": "127.0.0.1:43568", "error": "ERROR: insert or update on table \"locations\" violates foreign key constraint \"locations_user_id_fkey\" (SQLSTATE 23503)", "grpc.code": "Unknown", "grpc.time_ms": 20.444}
github.com/grpc-ecosystem/go-grpc-middleware/logging/zap.DefaultMessageProducer
	/home/gopher/mod-cache/github.com/grpc-ecosystem/go-grpc-middleware@v1.4.0/logging/zap/options.go:212
github.com/grpc-ecosystem/go-grpc-middleware/logging/zap.UnaryServerInterceptor.func1
	/home/gopher/mod-cache/github.com/grpc-ecosystem/go-grpc-middleware@v1.4.0/logging/zap/server_interceptors.go:39
github.com/dostonshernazarov/resume_maker/user-service/internal/app.NewApp.ChainUnaryServer.func5.1
	/home/gopher/mod-cache/github.com/grpc-ecosystem/go-grpc-middleware@v1.4.0/chain.go:48
github.com/grpc-ecosystem/go-grpc-middleware/tags.UnaryServerInterceptor.func1
	/home/gopher/mod-cache/github.com/grpc-ecosystem/go-grpc-middleware@v1.4.0/tags/interceptors.go:23
github.com/dostonshernazarov/resume_maker/user-service/internal/app.NewApp.ChainUnaryServer.func5
	/home/gopher/mod-cache/github.com/grpc-ecosystem/go-grpc-middleware@v1.4.0/chain.go:53
github.com/dostonshernazarov/resume_maker/user-service/internal/app.NewApp.UnaryInterceptor.func7.1.1
	/home/gopher/projects/go/src/resume_maker/resume-service/internal/delivery/grpc/server/middleware.go:16
github.com/dostonshernazarov/resume_maker/user-service/internal/app.NewApp.UnaryInterceptor.func7
	/home/gopher/projects/go/src/resume_maker/resume-service/internal/delivery/grpc/server/middleware.go:23
github.com/dostonshernazarov/resume_maker/user-service/genproto/resume_service._ResumeService_CreateResume_Handler
	/home/gopher/projects/go/src/resume_maker/resume-service/genproto/resume_service/resume_service.pb.go:197
google.golang.org/grpc.(*Server).processUnaryRPC
	/home/gopher/mod-cache/google.golang.org/grpc@v1.63.2/server.go:1369
google.golang.org/grpc.(*Server).handleStream
	/home/gopher/mod-cache/google.golang.org/grpc@v1.63.2/server.go:1780
google.golang.org/grpc.(*Server).serveStreams.func2.1
	/home/gopher/mod-cache/google.golang.org/grpc@v1.63.2/server.go:1019
2024-06-26T13:00:41.668+0500	ERROR	services/users.go:159	ERROR: invalid input syntax for type date: "" (SQLSTATE 22007)
github.com/dostonshernazarov/resume_maker/user-service/internal/delivery/grpc/services.resumeRPC.CreateResume
	/home/gopher/projects/go/src/resume_maker/resume-service/internal/delivery/grpc/services/users.go:159
github.com/dostonshernazarov/resume_maker/user-service/genproto/resume_service._ResumeService_CreateResume_Handler.func1
	/home/gopher/projects/go/src/resume_maker/resume-service/genproto/resume_service/resume_service.pb.go:195
github.com/dostonshernazarov/resume_maker/user-service/internal/app.NewApp.UnaryInterceptorData.func6
	/home/gopher/projects/go/src/resume_maker/resume-service/internal/delivery/grpc/server/middleware.go:34
github.com/dostonshernazarov/resume_maker/user-service/internal/app.NewApp.UnaryInterceptor.func7.1.1
	/home/gopher/projects/go/src/resume_maker/resume-service/internal/delivery/grpc/server/middleware.go:16
github.com/grpc-ecosystem/go-grpc-middleware/recovery.UnaryServerInterceptor.func1
	/home/gopher/mod-cache/github.com/grpc-ecosystem/go-grpc-middleware@v1.4.0/recovery/interceptors.go:33
github.com/dostonshernazarov/resume_maker/user-service/internal/app.NewApp.ChainUnaryServer.func5.1
	/home/gopher/mod-cache/github.com/grpc-ecosystem/go-grpc-middleware@v1.4.0/chain.go:48
github.com/grpc-ecosystem/go-grpc-middleware/logging/zap.UnaryServerInterceptor.func1
	/home/gopher/mod-cache/github.com/grpc-ecosystem/go-grpc-middleware@v1.4.0/logging/zap/server_interceptors.go:31
github.com/dostonshernazarov/resume_maker/user-service/internal/app.NewApp.ChainUnaryServer.func5.1
	/home/gopher/mod-cache/github.com/grpc-ecosystem/go-grpc-middleware@v1.4.0/chain.go:48
github.com/grpc-ecosystem/go-grpc-middleware/tags.UnaryServerInterceptor.func1
	/home/gopher/mod-cache/github.com/grpc-ecosystem/go-grpc-middleware@v1.4.0/tags/interceptors.go:23
github.com/dostonshernazarov/resume_maker/user-service/internal/app.NewApp.ChainUnaryServer.func5
	/home/gopher/mod-cache/github.com/grpc-ecosystem/go-grpc-middleware@v1.4.0/chain.go:53
github.com/dostonshernazarov/resume_maker/user-service/internal/app.NewApp.UnaryInterceptor.func7.1.1
	/home/gopher/projects/go/src/resume_maker/resume-service/internal/delivery/grpc/server/middleware.go:16
github.com/dostonshernazarov/resume_maker/user-service/internal/app.NewApp.UnaryInterceptor.func7
	/home/gopher/projects/go/src/resume_maker/resume-service/internal/delivery/grpc/server/middleware.go:23
github.com/dostonshernazarov/resume_maker/user-service/genproto/resume_service._ResumeService_CreateResume_Handler
	/home/gopher/projects/go/src/resume_maker/resume-service/genproto/resume_service/resume_service.pb.go:197
google.golang.org/grpc.(*Server).processUnaryRPC
	/home/gopher/mod-cache/google.golang.org/grpc@v1.63.2/server.go:1369
google.golang.org/grpc.(*Server).handleStream
	/home/gopher/mod-cache/google.golang.org/grpc@v1.63.2/server.go:1780
google.golang.org/grpc.(*Server).serveStreams.func2.1
	/home/gopher/mod-cache/google.golang.org/grpc@v1.63.2/server.go:1019
2024-06-26T13:00:41.668+0500	ERROR	zap/options.go:212	finished unary call with code Unknown	{"grpc.start_time": "2024-06-26T13:00:41+05:00", "system": "grpc", "span.kind": "server", "grpc.service": "resume_service.ResumeService", "grpc.method": "CreateResume", "peer.address": "127.0.0.1:43568", "error": "ERROR: invalid input syntax for type date: \"\" (SQLSTATE 22007)", "grpc.code": "Unknown", "grpc.time_ms": 6.848}
github.com/grpc-ecosystem/go-grpc-middleware/logging/zap.DefaultMessageProducer
	/home/gopher/mod-cache/github.com/grpc-ecosystem/go-grpc-middleware@v1.4.0/logging/zap/options.go:212
github.com/grpc-ecosystem/go-grpc-middleware/logging/zap.UnaryServerInterceptor.func1
	/home/gopher/mod-cache/github.com/grpc-ecosystem/go-grpc-middleware@v1.4.0/logging/zap/server_interceptors.go:39
github.com/dostonshernazarov/resume_maker/user-service/internal/app.NewApp.ChainUnaryServer.func5.1
	/home/gopher/mod-cache/github.com/grpc-ecosystem/go-grpc-middleware@v1.4.0/chain.go:48
github.com/grpc-ecosystem/go-grpc-middleware/tags.UnaryServerInterceptor.func1
	/home/gopher/mod-cache/github.com/grpc-ecosystem/go-grpc-middleware@v1.4.0/tags/interceptors.go:23
github.com/dostonshernazarov/resume_maker/user-service/internal/app.NewApp.ChainUnaryServer.func5
	/home/gopher/mod-cache/github.com/grpc-ecosystem/go-grpc-middleware@v1.4.0/chain.go:53
github.com/dostonshernazarov/resume_maker/user-service/internal/app.NewApp.UnaryInterceptor.func7.1.1
	/home/gopher/projects/go/src/resume_maker/resume-service/internal/delivery/grpc/server/middleware.go:16
github.com/dostonshernazarov/resume_maker/user-service/internal/app.NewApp.UnaryInterceptor.func7
	/home/gopher/projects/go/src/resume_maker/resume-service/internal/delivery/grpc/server/middleware.go:23
github.com/dostonshernazarov/resume_maker/user-service/genproto/resume_service._ResumeService_CreateResume_Handler
	/home/gopher/projects/go/src/resume_maker/resume-service/genproto/resume_service/resume_service.pb.go:197
google.golang.org/grpc.(*Server).processUnaryRPC
	/home/gopher/mod-cache/google.golang.org/grpc@v1.63.2/server.go:1369
google.golang.org/grpc.(*Server).handleStream
	/home/gopher/mod-cache/google.golang.org/grpc@v1.63.2/server.go:1780
google.golang.org/grpc.(*Server).serveStreams.func2.1
	/home/gopher/mod-cache/google.golang.org/grpc@v1.63.2/server.go:1019
2024-06-26T13:06:27.444+0500	ERROR	services/users.go:159	ERROR: invalid input syntax for type date: "" (SQLSTATE 22007)
github.com/dostonshernazarov/resume_maker/user-service/internal/delivery/grpc/services.resumeRPC.CreateResume
	/home/gopher/projects/go/src/resume_maker/resume-service/internal/delivery/grpc/services/users.go:159
github.com/dostonshernazarov/resume_maker/user-service/genproto/resume_service._ResumeService_CreateResume_Handler.func1
	/home/gopher/projects/go/src/resume_maker/resume-service/genproto/resume_service/resume_service.pb.go:195
github.com/dostonshernazarov/resume_maker/user-service/internal/app.NewApp.UnaryInterceptorData.func6
	/home/gopher/projects/go/src/resume_maker/resume-service/internal/delivery/grpc/server/middleware.go:34
github.com/dostonshernazarov/resume_maker/user-service/internal/app.NewApp.UnaryInterceptor.func7.1.1
	/home/gopher/projects/go/src/resume_maker/resume-service/internal/delivery/grpc/server/middleware.go:16
github.com/grpc-ecosystem/go-grpc-middleware/recovery.UnaryServerInterceptor.func1
	/home/gopher/mod-cache/github.com/grpc-ecosystem/go-grpc-middleware@v1.4.0/recovery/interceptors.go:33
github.com/dostonshernazarov/resume_maker/user-service/internal/app.NewApp.ChainUnaryServer.func5.1
	/home/gopher/mod-cache/github.com/grpc-ecosystem/go-grpc-middleware@v1.4.0/chain.go:48
github.com/grpc-ecosystem/go-grpc-middleware/logging/zap.UnaryServerInterceptor.func1
	/home/gopher/mod-cache/github.com/grpc-ecosystem/go-grpc-middleware@v1.4.0/logging/zap/server_interceptors.go:31
github.com/dostonshernazarov/resume_maker/user-service/internal/app.NewApp.ChainUnaryServer.func5.1
	/home/gopher/mod-cache/github.com/grpc-ecosystem/go-grpc-middleware@v1.4.0/chain.go:48
github.com/grpc-ecosystem/go-grpc-middleware/tags.UnaryServerInterceptor.func1
	/home/gopher/mod-cache/github.com/grpc-ecosystem/go-grpc-middleware@v1.4.0/tags/interceptors.go:23
github.com/dostonshernazarov/resume_maker/user-service/internal/app.NewApp.ChainUnaryServer.func5
	/home/gopher/mod-cache/github.com/grpc-ecosystem/go-grpc-middleware@v1.4.0/chain.go:53
github.com/dostonshernazarov/resume_maker/user-service/internal/app.NewApp.UnaryInterceptor.func7.1.1
	/home/gopher/projects/go/src/resume_maker/resume-service/internal/delivery/grpc/server/middleware.go:16
github.com/dostonshernazarov/resume_maker/user-service/internal/app.NewApp.UnaryInterceptor.func7
	/home/gopher/projects/go/src/resume_maker/resume-service/internal/delivery/grpc/server/middleware.go:23
github.com/dostonshernazarov/resume_maker/user-service/genproto/resume_service._ResumeService_CreateResume_Handler
	/home/gopher/projects/go/src/resume_maker/resume-service/genproto/resume_service/resume_service.pb.go:197
google.golang.org/grpc.(*Server).processUnaryRPC
	/home/gopher/mod-cache/google.golang.org/grpc@v1.63.2/server.go:1369
google.golang.org/grpc.(*Server).handleStream
	/home/gopher/mod-cache/google.golang.org/grpc@v1.63.2/server.go:1780
google.golang.org/grpc.(*Server).serveStreams.func2.1
	/home/gopher/mod-cache/google.golang.org/grpc@v1.63.2/server.go:1019
2024-06-26T13:06:27.444+0500	ERROR	zap/options.go:212	finished unary call with code Unknown	{"grpc.start_time": "2024-06-26T13:06:27+05:00", "system": "grpc", "span.kind": "server", "grpc.service": "resume_service.ResumeService", "grpc.method": "CreateResume", "peer.address": "127.0.0.1:43568", "error": "ERROR: invalid input syntax for type date: \"\" (SQLSTATE 22007)", "grpc.code": "Unknown", "grpc.time_ms": 7.974}
github.com/grpc-ecosystem/go-grpc-middleware/logging/zap.DefaultMessageProducer
	/home/gopher/mod-cache/github.com/grpc-ecosystem/go-grpc-middleware@v1.4.0/logging/zap/options.go:212
github.com/grpc-ecosystem/go-grpc-middleware/logging/zap.UnaryServerInterceptor.func1
	/home/gopher/mod-cache/github.com/grpc-ecosystem/go-grpc-middleware@v1.4.0/logging/zap/server_interceptors.go:39
github.com/dostonshernazarov/resume_maker/user-service/internal/app.NewApp.ChainUnaryServer.func5.1
	/home/gopher/mod-cache/github.com/grpc-ecosystem/go-grpc-middleware@v1.4.0/chain.go:48
github.com/grpc-ecosystem/go-grpc-middleware/tags.UnaryServerInterceptor.func1
	/home/gopher/mod-cache/github.com/grpc-ecosystem/go-grpc-middleware@v1.4.0/tags/interceptors.go:23
github.com/dostonshernazarov/resume_maker/user-service/internal/app.NewApp.ChainUnaryServer.func5
	/home/gopher/mod-cache/github.com/grpc-ecosystem/go-grpc-middleware@v1.4.0/chain.go:53
github.com/dostonshernazarov/resume_maker/user-service/internal/app.NewApp.UnaryInterceptor.func7.1.1
	/home/gopher/projects/go/src/resume_maker/resume-service/internal/delivery/grpc/server/middleware.go:16
github.com/dostonshernazarov/resume_maker/user-service/internal/app.NewApp.UnaryInterceptor.func7
	/home/gopher/projects/go/src/resume_maker/resume-service/internal/delivery/grpc/server/middleware.go:23
github.com/dostonshernazarov/resume_maker/user-service/genproto/resume_service._ResumeService_CreateResume_Handler
	/home/gopher/projects/go/src/resume_maker/resume-service/genproto/resume_service/resume_service.pb.go:197
google.golang.org/grpc.(*Server).processUnaryRPC
	/home/gopher/mod-cache/google.golang.org/grpc@v1.63.2/server.go:1369
google.golang.org/grpc.(*Server).handleStream
	/home/gopher/mod-cache/google.golang.org/grpc@v1.63.2/server.go:1780
google.golang.org/grpc.(*Server).serveStreams.func2.1
	/home/gopher/mod-cache/google.golang.org/grpc@v1.63.2/server.go:1019
2024-06-26T13:07:51.432+0500	INFO	app/main.go:36	Resume service stops !
2024-07-07T17:02:21.218+0500	INFO	app/app.go:94	gRPC Server Listening	{"url": ":9080"}
2024-07-07T17:02:21.968+0500	INFO	app/main.go:36	Resume service stops !
2024-07-07T17:02:51.692+0500	INFO	app/app.go:94	gRPC Server Listening	{"url": ":9080"}
2024-07-07T17:06:12.213+0500	INFO	zap/options.go:212	finished unary call with code OK	{"grpc.start_time": "2024-07-07T17:06:12+05:00", "system": "grpc", "span.kind": "server", "grpc.service": "resume_service.ResumeService", "grpc.method": "CreateResume", "peer.address": "127.0.0.1:32980", "grpc.code": "OK", "grpc.time_ms": 3.892}
2024-07-07T17:06:34.723+0500	INFO	zap/options.go:212	finished unary call with code OK	{"grpc.start_time": "2024-07-07T17:06:34+05:00", "system": "grpc", "span.kind": "server", "grpc.service": "resume_service.ResumeService", "grpc.method": "UpdateResume", "peer.address": "127.0.0.1:43364", "grpc.code": "OK", "grpc.time_ms": 3.914}
2024-07-07T17:06:46.611+0500	INFO	zap/options.go:212	finished unary call with code OK	{"grpc.start_time": "2024-07-07T17:06:46+05:00", "system": "grpc", "span.kind": "server", "grpc.service": "resume_service.ResumeService", "grpc.method": "GetResumeByID", "peer.address": "127.0.0.1:59296", "grpc.code": "OK", "grpc.time_ms": 0.746}
2024-07-07T17:07:10.379+0500	INFO	zap/options.go:212	finished unary call with code OK	{"grpc.start_time": "2024-07-07T17:07:10+05:00", "system": "grpc", "span.kind": "server", "grpc.service": "resume_service.ResumeService", "grpc.method": "GetUserResume", "peer.address": "127.0.0.1:59224", "grpc.code": "OK", "grpc.time_ms": 0.574}
2024-07-07T17:08:50.549+0500	INFO	zap/options.go:212	finished unary call with code OK	{"grpc.start_time": "2024-07-07T17:08:50+05:00", "system": "grpc", "span.kind": "server", "grpc.service": "resume_service.ResumeService", "grpc.method": "ListResume", "peer.address": "127.0.0.1:48580", "grpc.code": "OK", "grpc.time_ms": 4.14}
2024-07-07T17:09:08.258+0500	INFO	zap/options.go:212	finished unary call with code OK	{"grpc.start_time": "2024-07-07T17:09:08+05:00", "system": "grpc", "span.kind": "server", "grpc.service": "resume_service.ResumeService", "grpc.method": "ListResume", "peer.address": "127.0.0.1:47930", "grpc.code": "OK", "grpc.time_ms": 0.966}
2024-07-07T17:09:27.568+0500	INFO	zap/options.go:212	finished unary call with code OK	{"grpc.start_time": "2024-07-07T17:09:27+05:00", "system": "grpc", "span.kind": "server", "grpc.service": "resume_service.ResumeService", "grpc.method": "ListResume", "peer.address": "127.0.0.1:55984", "grpc.code": "OK", "grpc.time_ms": 0.768}
2024-07-07T17:09:36.732+0500	INFO	zap/options.go:212	finished unary call with code OK	{"grpc.start_time": "2024-07-07T17:09:36+05:00", "system": "grpc", "span.kind": "server", "grpc.service": "resume_service.ResumeService", "grpc.method": "ListResume", "peer.address": "127.0.0.1:41046", "grpc.code": "OK", "grpc.time_ms": 1.82}
2024-07-07T17:10:04.430+0500	INFO	zap/options.go:212	finished unary call with code OK	{"grpc.start_time": "2024-07-07T17:10:04+05:00", "system": "grpc", "span.kind": "server", "grpc.service": "resume_service.ResumeService", "grpc.method": "ListResume", "peer.address": "127.0.0.1:44476", "grpc.code": "OK", "grpc.time_ms": 1.018}
2024-07-07T17:11:37.431+0500	INFO	app/main.go:36	Resume service stops !
2024-07-07T17:11:39.873+0500	INFO	app/app.go:94	gRPC Server Listening	{"url": ":9080"}
2024-07-07T17:11:44.948+0500	INFO	zap/options.go:212	finished unary call with code OK	{"grpc.start_time": "2024-07-07T17:11:44+05:00", "system": "grpc", "span.kind": "server", "grpc.service": "resume_service.ResumeService", "grpc.method": "ListResume", "peer.address": "127.0.0.1:37056", "grpc.code": "OK", "grpc.time_ms": 2.304}
2024-07-07T17:11:49.077+0500	INFO	zap/options.go:212	finished unary call with code OK	{"grpc.start_time": "2024-07-07T17:11:49+05:00", "system": "grpc", "span.kind": "server", "grpc.service": "resume_service.ResumeService", "grpc.method": "ListResume", "peer.address": "127.0.0.1:37062", "grpc.code": "OK", "grpc.time_ms": 0.935}
2024-07-07T17:20:35.275+0500	INFO	app/main.go:36	Resume service stops !
2024-07-07T17:20:36.575+0500	INFO	app/app.go:94	gRPC Server Listening	{"url": ":9080"}
2024-07-07T17:20:37.556+0500	INFO	zap/options.go:212	finished unary call with code OK	{"grpc.start_time": "2024-07-07T17:20:37+05:00", "system": "grpc", "span.kind": "server", "grpc.service": "resume_service.ResumeService", "grpc.method": "ListResume", "peer.address": "127.0.0.1:44056", "grpc.code": "OK", "grpc.time_ms": 1.943}
2024-07-07T17:20:44.040+0500	INFO	zap/options.go:212	finished unary call with code OK	{"grpc.start_time": "2024-07-07T17:20:44+05:00", "system": "grpc", "span.kind": "server", "grpc.service": "resume_service.ResumeService", "grpc.method": "ListResume", "peer.address": "127.0.0.1:35640", "grpc.code": "OK", "grpc.time_ms": 1.09}
2024-07-07T17:20:48.398+0500	INFO	zap/options.go:212	finished unary call with code OK	{"grpc.start_time": "2024-07-07T17:20:48+05:00", "system": "grpc", "span.kind": "server", "grpc.service": "resume_service.ResumeService", "grpc.method": "ListResume", "peer.address": "127.0.0.1:35656", "grpc.code": "OK", "grpc.time_ms": 1.191}
2024-07-07T17:21:05.694+0500	INFO	zap/options.go:212	finished unary call with code OK	{"grpc.start_time": "2024-07-07T17:21:05+05:00", "system": "grpc", "span.kind": "server", "grpc.service": "resume_service.ResumeService", "grpc.method": "CreateResume", "peer.address": "127.0.0.1:51632", "grpc.code": "OK", "grpc.time_ms": 2.496}
2024-07-07T17:21:11.844+0500	INFO	zap/options.go:212	finished unary call with code OK	{"grpc.start_time": "2024-07-07T17:21:11+05:00", "system": "grpc", "span.kind": "server", "grpc.service": "resume_service.ResumeService", "grpc.method": "ListResume", "peer.address": "127.0.0.1:49314", "grpc.code": "OK", "grpc.time_ms": 1.07}
2024-07-07T17:21:23.728+0500	INFO	zap/options.go:212	finished unary call with code OK	{"grpc.start_time": "2024-07-07T17:21:23+05:00", "system": "grpc", "span.kind": "server", "grpc.service": "resume_service.ResumeService", "grpc.method": "DeleteResume", "peer.address": "127.0.0.1:47816", "grpc.code": "OK", "grpc.time_ms": 2.306}
2024-07-07T17:21:25.378+0500	ERROR	services/users.go:84	no rows in result set
github.com/dostonshernazarov/resume_maker/user-service/internal/delivery/grpc/services.resumeRPC.DeleteResume
	/home/xasan/projects/go/src/resume_maker/resume-service/internal/delivery/grpc/services/users.go:84
github.com/dostonshernazarov/resume_maker/user-service/genproto/resume_service._ResumeService_DeleteResume_Handler.func1
	/home/xasan/projects/go/src/resume_maker/resume-service/genproto/resume_service/resume_service.pb.go:231
github.com/dostonshernazarov/resume_maker/user-service/internal/app.NewApp.UnaryInterceptorData.func6
	/home/xasan/projects/go/src/resume_maker/resume-service/internal/delivery/grpc/server/middleware.go:34
github.com/dostonshernazarov/resume_maker/user-service/internal/app.NewApp.UnaryInterceptor.func7.1.1
	/home/xasan/projects/go/src/resume_maker/resume-service/internal/delivery/grpc/server/middleware.go:16
github.com/grpc-ecosystem/go-grpc-middleware/recovery.UnaryServerInterceptor.func1
	/home/xasan/go/pkg/mod/github.com/grpc-ecosystem/go-grpc-middleware@v1.4.0/recovery/interceptors.go:33
github.com/dostonshernazarov/resume_maker/user-service/internal/app.NewApp.ChainUnaryServer.func5.1
	/home/xasan/go/pkg/mod/github.com/grpc-ecosystem/go-grpc-middleware@v1.4.0/chain.go:48
github.com/grpc-ecosystem/go-grpc-middleware/logging/zap.UnaryServerInterceptor.func1
	/home/xasan/go/pkg/mod/github.com/grpc-ecosystem/go-grpc-middleware@v1.4.0/logging/zap/server_interceptors.go:31
github.com/dostonshernazarov/resume_maker/user-service/internal/app.NewApp.ChainUnaryServer.func5.1
	/home/xasan/go/pkg/mod/github.com/grpc-ecosystem/go-grpc-middleware@v1.4.0/chain.go:48
github.com/grpc-ecosystem/go-grpc-middleware/tags.UnaryServerInterceptor.func1
	/home/xasan/go/pkg/mod/github.com/grpc-ecosystem/go-grpc-middleware@v1.4.0/tags/interceptors.go:23
github.com/dostonshernazarov/resume_maker/user-service/internal/app.NewApp.ChainUnaryServer.func5
	/home/xasan/go/pkg/mod/github.com/grpc-ecosystem/go-grpc-middleware@v1.4.0/chain.go:53
github.com/dostonshernazarov/resume_maker/user-service/internal/app.NewApp.UnaryInterceptor.func7.1.1
	/home/xasan/projects/go/src/resume_maker/resume-service/internal/delivery/grpc/server/middleware.go:16
github.com/dostonshernazarov/resume_maker/user-service/internal/app.NewApp.UnaryInterceptor.func7
	/home/xasan/projects/go/src/resume_maker/resume-service/internal/delivery/grpc/server/middleware.go:23
github.com/dostonshernazarov/resume_maker/user-service/genproto/resume_service._ResumeService_DeleteResume_Handler
	/home/xasan/projects/go/src/resume_maker/resume-service/genproto/resume_service/resume_service.pb.go:233
google.golang.org/grpc.(*Server).processUnaryRPC
	/home/xasan/go/pkg/mod/google.golang.org/grpc@v1.65.0/server.go:1379
google.golang.org/grpc.(*Server).handleStream
	/home/xasan/go/pkg/mod/google.golang.org/grpc@v1.65.0/server.go:1790
google.golang.org/grpc.(*Server).serveStreams.func2.1
	/home/xasan/go/pkg/mod/google.golang.org/grpc@v1.65.0/server.go:1029
2024-07-07T17:21:25.379+0500	ERROR	zap/options.go:212	finished unary call with code Unknown	{"grpc.start_time": "2024-07-07T17:21:25+05:00", "system": "grpc", "span.kind": "server", "grpc.service": "resume_service.ResumeService", "grpc.method": "DeleteResume", "peer.address": "127.0.0.1:47828", "error": "no rows in result set", "grpc.code": "Unknown", "grpc.time_ms": 0.581}
github.com/grpc-ecosystem/go-grpc-middleware/logging/zap.DefaultMessageProducer
	/home/xasan/go/pkg/mod/github.com/grpc-ecosystem/go-grpc-middleware@v1.4.0/logging/zap/options.go:212
github.com/grpc-ecosystem/go-grpc-middleware/logging/zap.UnaryServerInterceptor.func1
	/home/xasan/go/pkg/mod/github.com/grpc-ecosystem/go-grpc-middleware@v1.4.0/logging/zap/server_interceptors.go:39
github.com/dostonshernazarov/resume_maker/user-service/internal/app.NewApp.ChainUnaryServer.func5.1
	/home/xasan/go/pkg/mod/github.com/grpc-ecosystem/go-grpc-middleware@v1.4.0/chain.go:48
github.com/grpc-ecosystem/go-grpc-middleware/tags.UnaryServerInterceptor.func1
	/home/xasan/go/pkg/mod/github.com/grpc-ecosystem/go-grpc-middleware@v1.4.0/tags/interceptors.go:23
github.com/dostonshernazarov/resume_maker/user-service/internal/app.NewApp.ChainUnaryServer.func5
	/home/xasan/go/pkg/mod/github.com/grpc-ecosystem/go-grpc-middleware@v1.4.0/chain.go:53
github.com/dostonshernazarov/resume_maker/user-service/internal/app.NewApp.UnaryInterceptor.func7.1.1
	/home/xasan/projects/go/src/resume_maker/resume-service/internal/delivery/grpc/server/middleware.go:16
github.com/dostonshernazarov/resume_maker/user-service/internal/app.NewApp.UnaryInterceptor.func7
	/home/xasan/projects/go/src/resume_maker/resume-service/internal/delivery/grpc/server/middleware.go:23
github.com/dostonshernazarov/resume_maker/user-service/genproto/resume_service._ResumeService_DeleteResume_Handler
	/home/xasan/projects/go/src/resume_maker/resume-service/genproto/resume_service/resume_service.pb.go:233
google.golang.org/grpc.(*Server).processUnaryRPC
	/home/xasan/go/pkg/mod/google.golang.org/grpc@v1.65.0/server.go:1379
google.golang.org/grpc.(*Server).handleStream
	/home/xasan/go/pkg/mod/google.golang.org/grpc@v1.65.0/server.go:1790
google.golang.org/grpc.(*Server).serveStreams.func2.1
	/home/xasan/go/pkg/mod/google.golang.org/grpc@v1.65.0/server.go:1029
2024-07-07T17:21:31.479+0500	INFO	app/main.go:36	Resume service stops !
