2024-06-24T13:55:34.263+0500	INFO	app/app.go:94	gRPC Server Listening	{"url": ":9090"}
2024-06-24T14:04:30.700+0500	INFO	zap/options.go:212	finished unary call with code OK	{"grpc.start_time": "2024-06-24T14:04:30+05:00", "system": "grpc", "span.kind": "server", "grpc.service": "user_service.UserService", "grpc.method": "UniqueEmail", "peer.address": "127.0.0.1:41332", "grpc.code": "OK", "grpc.time_ms": 6.145}
2024-06-24T14:06:04.997+0500	INFO	zap/options.go:212	finished unary call with code OK	{"grpc.start_time": "2024-06-24T14:06:04+05:00", "system": "grpc", "span.kind": "server", "grpc.service": "user_service.UserService", "grpc.method": "UniqueEmail", "peer.address": "127.0.0.1:50682", "grpc.code": "OK", "grpc.time_ms": 0.348}
2024-06-24T14:09:59.591+0500	INFO	zap/options.go:212	finished unary call with code OK	{"grpc.start_time": "2024-06-24T14:09:59+05:00", "system": "grpc", "span.kind": "server", "grpc.service": "user_service.UserService", "grpc.method": "UniqueEmail", "peer.address": "127.0.0.1:53276", "grpc.code": "OK", "grpc.time_ms": 0.286}
2024-06-24T14:12:17.465+0500	INFO	zap/options.go:212	finished unary call with code OK	{"grpc.start_time": "2024-06-24T14:12:17+05:00", "system": "grpc", "span.kind": "server", "grpc.service": "user_service.UserService", "grpc.method": "UniqueEmail", "peer.address": "127.0.0.1:36452", "grpc.code": "OK", "grpc.time_ms": 0.411}
2024-06-24T14:13:18.821+0500	INFO	zap/options.go:212	finished unary call with code OK	{"grpc.start_time": "2024-06-24T14:13:18+05:00", "system": "grpc", "span.kind": "server", "grpc.service": "user_service.UserService", "grpc.method": "UniqueEmail", "peer.address": "127.0.0.1:56794", "grpc.code": "OK", "grpc.time_ms": 0.353}
2024-06-24T14:14:22.033+0500	ERROR	services/users.go:41	ERROR: invalid input syntax for type uuid: "" (SQLSTATE 22P02)
github.com/dostonshernazarov/resume_maker/user-service/internal/delivery/grpc/services.userRPC.CreateUser
	/home/doston/project/go/src/musobaqa/resume_maker/user-service/internal/delivery/grpc/services/users.go:41
github.com/dostonshernazarov/resume_maker/user-service/genproto/user_service._UserService_CreateUser_Handler.func1
	/home/doston/project/go/src/musobaqa/resume_maker/user-service/genproto/user_service/user_service.pb.go:212
github.com/dostonshernazarov/resume_maker/user-service/internal/app.NewApp.UnaryInterceptorData.func6
	/home/doston/project/go/src/musobaqa/resume_maker/user-service/internal/delivery/grpc/server/middleware.go:34
github.com/dostonshernazarov/resume_maker/user-service/internal/app.NewApp.UnaryInterceptor.func7.1.1
	/home/doston/project/go/src/musobaqa/resume_maker/user-service/internal/delivery/grpc/server/middleware.go:16
github.com/grpc-ecosystem/go-grpc-middleware/recovery.UnaryServerInterceptor.func1
	/home/doston/project/go/pkg/mod/github.com/grpc-ecosystem/go-grpc-middleware@v1.4.0/recovery/interceptors.go:33
github.com/dostonshernazarov/resume_maker/user-service/internal/app.NewApp.ChainUnaryServer.func5.1
	/home/doston/project/go/pkg/mod/github.com/grpc-ecosystem/go-grpc-middleware@v1.4.0/chain.go:48
github.com/grpc-ecosystem/go-grpc-middleware/logging/zap.UnaryServerInterceptor.func1
	/home/doston/project/go/pkg/mod/github.com/grpc-ecosystem/go-grpc-middleware@v1.4.0/logging/zap/server_interceptors.go:31
github.com/dostonshernazarov/resume_maker/user-service/internal/app.NewApp.ChainUnaryServer.func5.1
	/home/doston/project/go/pkg/mod/github.com/grpc-ecosystem/go-grpc-middleware@v1.4.0/chain.go:48
github.com/grpc-ecosystem/go-grpc-middleware/tags.UnaryServerInterceptor.func1
	/home/doston/project/go/pkg/mod/github.com/grpc-ecosystem/go-grpc-middleware@v1.4.0/tags/interceptors.go:23
github.com/dostonshernazarov/resume_maker/user-service/internal/app.NewApp.ChainUnaryServer.func5
	/home/doston/project/go/pkg/mod/github.com/grpc-ecosystem/go-grpc-middleware@v1.4.0/chain.go:53
github.com/dostonshernazarov/resume_maker/user-service/internal/app.NewApp.UnaryInterceptor.func7.1.1
	/home/doston/project/go/src/musobaqa/resume_maker/user-service/internal/delivery/grpc/server/middleware.go:16
github.com/dostonshernazarov/resume_maker/user-service/internal/app.NewApp.UnaryInterceptor.func7
	/home/doston/project/go/src/musobaqa/resume_maker/user-service/internal/delivery/grpc/server/middleware.go:23
github.com/dostonshernazarov/resume_maker/user-service/genproto/user_service._UserService_CreateUser_Handler
	/home/doston/project/go/src/musobaqa/resume_maker/user-service/genproto/user_service/user_service.pb.go:214
google.golang.org/grpc.(*Server).processUnaryRPC
	/home/doston/project/go/pkg/mod/google.golang.org/grpc@v1.63.2/server.go:1369
google.golang.org/grpc.(*Server).handleStream
	/home/doston/project/go/pkg/mod/google.golang.org/grpc@v1.63.2/server.go:1780
google.golang.org/grpc.(*Server).serveStreams.func2.1
	/home/doston/project/go/pkg/mod/google.golang.org/grpc@v1.63.2/server.go:1019
2024-06-24T14:14:22.033+0500	ERROR	zap/options.go:212	finished unary call with code Unknown	{"grpc.start_time": "2024-06-24T14:14:22+05:00", "system": "grpc", "span.kind": "server", "grpc.service": "user_service.UserService", "grpc.method": "CreateUser", "peer.address": "127.0.0.1:56794", "error": "ERROR: invalid input syntax for type uuid: \"\" (SQLSTATE 22P02)", "grpc.code": "Unknown", "grpc.time_ms": 4.656}
github.com/grpc-ecosystem/go-grpc-middleware/logging/zap.DefaultMessageProducer
	/home/doston/project/go/pkg/mod/github.com/grpc-ecosystem/go-grpc-middleware@v1.4.0/logging/zap/options.go:212
github.com/grpc-ecosystem/go-grpc-middleware/logging/zap.UnaryServerInterceptor.func1
	/home/doston/project/go/pkg/mod/github.com/grpc-ecosystem/go-grpc-middleware@v1.4.0/logging/zap/server_interceptors.go:39
github.com/dostonshernazarov/resume_maker/user-service/internal/app.NewApp.ChainUnaryServer.func5.1
	/home/doston/project/go/pkg/mod/github.com/grpc-ecosystem/go-grpc-middleware@v1.4.0/chain.go:48
github.com/grpc-ecosystem/go-grpc-middleware/tags.UnaryServerInterceptor.func1
	/home/doston/project/go/pkg/mod/github.com/grpc-ecosystem/go-grpc-middleware@v1.4.0/tags/interceptors.go:23
github.com/dostonshernazarov/resume_maker/user-service/internal/app.NewApp.ChainUnaryServer.func5
	/home/doston/project/go/pkg/mod/github.com/grpc-ecosystem/go-grpc-middleware@v1.4.0/chain.go:53
github.com/dostonshernazarov/resume_maker/user-service/internal/app.NewApp.UnaryInterceptor.func7.1.1
	/home/doston/project/go/src/musobaqa/resume_maker/user-service/internal/delivery/grpc/server/middleware.go:16
github.com/dostonshernazarov/resume_maker/user-service/internal/app.NewApp.UnaryInterceptor.func7
	/home/doston/project/go/src/musobaqa/resume_maker/user-service/internal/delivery/grpc/server/middleware.go:23
github.com/dostonshernazarov/resume_maker/user-service/genproto/user_service._UserService_CreateUser_Handler
	/home/doston/project/go/src/musobaqa/resume_maker/user-service/genproto/user_service/user_service.pb.go:214
google.golang.org/grpc.(*Server).processUnaryRPC
	/home/doston/project/go/pkg/mod/google.golang.org/grpc@v1.63.2/server.go:1369
google.golang.org/grpc.(*Server).handleStream
	/home/doston/project/go/pkg/mod/google.golang.org/grpc@v1.63.2/server.go:1780
google.golang.org/grpc.(*Server).serveStreams.func2.1
	/home/doston/project/go/pkg/mod/google.golang.org/grpc@v1.63.2/server.go:1019
2024-06-24T14:16:24.327+0500	INFO	app/main.go:36	User service stops !
2024-06-24T14:16:25.902+0500	INFO	app/app.go:94	gRPC Server Listening	{"url": ":9090"}
2024-06-24T14:17:49.963+0500	INFO	zap/options.go:212	finished unary call with code OK	{"grpc.start_time": "2024-06-24T14:17:49+05:00", "system": "grpc", "span.kind": "server", "grpc.service": "user_service.UserService", "grpc.method": "UniqueEmail", "peer.address": "127.0.0.1:37020", "grpc.code": "OK", "grpc.time_ms": 2.121}
2024-06-24T14:17:51.136+0500	INFO	zap/options.go:212	finished unary call with code OK	{"grpc.start_time": "2024-06-24T14:17:51+05:00", "system": "grpc", "span.kind": "server", "grpc.service": "user_service.UserService", "grpc.method": "CreateUser", "peer.address": "127.0.0.1:37020", "grpc.code": "OK", "grpc.time_ms": 4.075}
2024-06-24T14:17:59.864+0500	INFO	zap/options.go:212	finished unary call with code OK	{"grpc.start_time": "2024-06-24T14:17:59+05:00", "system": "grpc", "span.kind": "server", "grpc.service": "user_service.UserService", "grpc.method": "UniqueEmail", "peer.address": "127.0.0.1:37020", "grpc.code": "OK", "grpc.time_ms": 0.286}
2024-06-24T14:18:10.518+0500	INFO	zap/options.go:212	finished unary call with code OK	{"grpc.start_time": "2024-06-24T14:18:10+05:00", "system": "grpc", "span.kind": "server", "grpc.service": "user_service.UserService", "grpc.method": "GetAllUsers", "peer.address": "127.0.0.1:37020", "grpc.code": "OK", "grpc.time_ms": 2.634}
2024-06-24T14:18:36.105+0500	INFO	zap/options.go:212	finished unary call with code OK	{"grpc.start_time": "2024-06-24T14:18:36+05:00", "system": "grpc", "span.kind": "server", "grpc.service": "user_service.UserService", "grpc.method": "GetUser", "peer.address": "127.0.0.1:37020", "grpc.code": "OK", "grpc.time_ms": 0.878}
2024-06-24T14:18:48.896+0500	INFO	zap/options.go:212	finished unary call with code OK	{"grpc.start_time": "2024-06-24T14:18:48+05:00", "system": "grpc", "span.kind": "server", "grpc.service": "user_service.UserService", "grpc.method": "UniqueEmail", "peer.address": "127.0.0.1:37020", "grpc.code": "OK", "grpc.time_ms": 0.293}
2024-06-24T14:19:09.226+0500	ERROR	services/users.go:41	ERROR: invalid input syntax for type uuid: "" (SQLSTATE 22P02)
github.com/dostonshernazarov/resume_maker/user-service/internal/delivery/grpc/services.userRPC.CreateUser
	/home/doston/project/go/src/musobaqa/resume_maker/user-service/internal/delivery/grpc/services/users.go:41
github.com/dostonshernazarov/resume_maker/user-service/genproto/user_service._UserService_CreateUser_Handler.func1
	/home/doston/project/go/src/musobaqa/resume_maker/user-service/genproto/user_service/user_service.pb.go:212
github.com/dostonshernazarov/resume_maker/user-service/internal/app.NewApp.UnaryInterceptorData.func6
	/home/doston/project/go/src/musobaqa/resume_maker/user-service/internal/delivery/grpc/server/middleware.go:34
github.com/dostonshernazarov/resume_maker/user-service/internal/app.NewApp.UnaryInterceptor.func7.1.1
	/home/doston/project/go/src/musobaqa/resume_maker/user-service/internal/delivery/grpc/server/middleware.go:16
github.com/grpc-ecosystem/go-grpc-middleware/recovery.UnaryServerInterceptor.func1
	/home/doston/project/go/pkg/mod/github.com/grpc-ecosystem/go-grpc-middleware@v1.4.0/recovery/interceptors.go:33
github.com/dostonshernazarov/resume_maker/user-service/internal/app.NewApp.ChainUnaryServer.func5.1
	/home/doston/project/go/pkg/mod/github.com/grpc-ecosystem/go-grpc-middleware@v1.4.0/chain.go:48
github.com/grpc-ecosystem/go-grpc-middleware/logging/zap.UnaryServerInterceptor.func1
	/home/doston/project/go/pkg/mod/github.com/grpc-ecosystem/go-grpc-middleware@v1.4.0/logging/zap/server_interceptors.go:31
github.com/dostonshernazarov/resume_maker/user-service/internal/app.NewApp.ChainUnaryServer.func5.1
	/home/doston/project/go/pkg/mod/github.com/grpc-ecosystem/go-grpc-middleware@v1.4.0/chain.go:48
github.com/grpc-ecosystem/go-grpc-middleware/tags.UnaryServerInterceptor.func1
	/home/doston/project/go/pkg/mod/github.com/grpc-ecosystem/go-grpc-middleware@v1.4.0/tags/interceptors.go:23
github.com/dostonshernazarov/resume_maker/user-service/internal/app.NewApp.ChainUnaryServer.func5
	/home/doston/project/go/pkg/mod/github.com/grpc-ecosystem/go-grpc-middleware@v1.4.0/chain.go:53
github.com/dostonshernazarov/resume_maker/user-service/internal/app.NewApp.UnaryInterceptor.func7.1.1
	/home/doston/project/go/src/musobaqa/resume_maker/user-service/internal/delivery/grpc/server/middleware.go:16
github.com/dostonshernazarov/resume_maker/user-service/internal/app.NewApp.UnaryInterceptor.func7
	/home/doston/project/go/src/musobaqa/resume_maker/user-service/internal/delivery/grpc/server/middleware.go:23
github.com/dostonshernazarov/resume_maker/user-service/genproto/user_service._UserService_CreateUser_Handler
	/home/doston/project/go/src/musobaqa/resume_maker/user-service/genproto/user_service/user_service.pb.go:214
google.golang.org/grpc.(*Server).processUnaryRPC
	/home/doston/project/go/pkg/mod/google.golang.org/grpc@v1.63.2/server.go:1369
google.golang.org/grpc.(*Server).handleStream
	/home/doston/project/go/pkg/mod/google.golang.org/grpc@v1.63.2/server.go:1780
google.golang.org/grpc.(*Server).serveStreams.func2.1
	/home/doston/project/go/pkg/mod/google.golang.org/grpc@v1.63.2/server.go:1019
2024-06-24T14:19:09.227+0500	ERROR	zap/options.go:212	finished unary call with code Unknown	{"grpc.start_time": "2024-06-24T14:19:09+05:00", "system": "grpc", "span.kind": "server", "grpc.service": "user_service.UserService", "grpc.method": "CreateUser", "peer.address": "127.0.0.1:37020", "error": "ERROR: invalid input syntax for type uuid: \"\" (SQLSTATE 22P02)", "grpc.code": "Unknown", "grpc.time_ms": 0.866}
github.com/grpc-ecosystem/go-grpc-middleware/logging/zap.DefaultMessageProducer
	/home/doston/project/go/pkg/mod/github.com/grpc-ecosystem/go-grpc-middleware@v1.4.0/logging/zap/options.go:212
github.com/grpc-ecosystem/go-grpc-middleware/logging/zap.UnaryServerInterceptor.func1
	/home/doston/project/go/pkg/mod/github.com/grpc-ecosystem/go-grpc-middleware@v1.4.0/logging/zap/server_interceptors.go:39
github.com/dostonshernazarov/resume_maker/user-service/internal/app.NewApp.ChainUnaryServer.func5.1
	/home/doston/project/go/pkg/mod/github.com/grpc-ecosystem/go-grpc-middleware@v1.4.0/chain.go:48
github.com/grpc-ecosystem/go-grpc-middleware/tags.UnaryServerInterceptor.func1
	/home/doston/project/go/pkg/mod/github.com/grpc-ecosystem/go-grpc-middleware@v1.4.0/tags/interceptors.go:23
github.com/dostonshernazarov/resume_maker/user-service/internal/app.NewApp.ChainUnaryServer.func5
	/home/doston/project/go/pkg/mod/github.com/grpc-ecosystem/go-grpc-middleware@v1.4.0/chain.go:53
github.com/dostonshernazarov/resume_maker/user-service/internal/app.NewApp.UnaryInterceptor.func7.1.1
	/home/doston/project/go/src/musobaqa/resume_maker/user-service/internal/delivery/grpc/server/middleware.go:16
github.com/dostonshernazarov/resume_maker/user-service/internal/app.NewApp.UnaryInterceptor.func7
	/home/doston/project/go/src/musobaqa/resume_maker/user-service/internal/delivery/grpc/server/middleware.go:23
github.com/dostonshernazarov/resume_maker/user-service/genproto/user_service._UserService_CreateUser_Handler
	/home/doston/project/go/src/musobaqa/resume_maker/user-service/genproto/user_service/user_service.pb.go:214
google.golang.org/grpc.(*Server).processUnaryRPC
	/home/doston/project/go/pkg/mod/google.golang.org/grpc@v1.63.2/server.go:1369
google.golang.org/grpc.(*Server).handleStream
	/home/doston/project/go/pkg/mod/google.golang.org/grpc@v1.63.2/server.go:1780
google.golang.org/grpc.(*Server).serveStreams.func2.1
	/home/doston/project/go/pkg/mod/google.golang.org/grpc@v1.63.2/server.go:1019
2024-06-24T14:20:22.017+0500	INFO	zap/options.go:212	finished unary call with code OK	{"grpc.start_time": "2024-06-24T14:20:22+05:00", "system": "grpc", "span.kind": "server", "grpc.service": "user_service.UserService", "grpc.method": "CreateUser", "peer.address": "127.0.0.1:39452", "grpc.code": "OK", "grpc.time_ms": 2.619}
2024-06-24T14:21:03.360+0500	INFO	zap/options.go:212	finished unary call with code OK	{"grpc.start_time": "2024-06-24T14:21:03+05:00", "system": "grpc", "span.kind": "server", "grpc.service": "user_service.UserService", "grpc.method": "GetUser", "peer.address": "127.0.0.1:39452", "grpc.code": "OK", "grpc.time_ms": 0.523}
2024-06-24T14:21:04.522+0500	INFO	zap/options.go:212	finished unary call with code OK	{"grpc.start_time": "2024-06-24T14:21:04+05:00", "system": "grpc", "span.kind": "server", "grpc.service": "user_service.UserService", "grpc.method": "UpdateRefresh", "peer.address": "127.0.0.1:39452", "grpc.code": "OK", "grpc.time_ms": 3.654}
2024-06-24T14:25:13.358+0500	INFO	zap/options.go:212	finished unary call with code OK	{"grpc.start_time": "2024-06-24T14:25:13+05:00", "system": "grpc", "span.kind": "server", "grpc.service": "user_service.UserService", "grpc.method": "UniqueEmail", "peer.address": "127.0.0.1:41890", "grpc.code": "OK", "grpc.time_ms": 1.886}
2024-06-24T14:25:14.552+0500	INFO	zap/options.go:212	finished unary call with code OK	{"grpc.start_time": "2024-06-24T14:25:14+05:00", "system": "grpc", "span.kind": "server", "grpc.service": "user_service.UserService", "grpc.method": "CreateUser", "peer.address": "127.0.0.1:41890", "grpc.code": "OK", "grpc.time_ms": 2.788}
2024-06-24T14:26:15.678+0500	INFO	zap/options.go:212	finished unary call with code OK	{"grpc.start_time": "2024-06-24T14:26:15+05:00", "system": "grpc", "span.kind": "server", "grpc.service": "user_service.UserService", "grpc.method": "UniqueEmail", "peer.address": "127.0.0.1:37682", "grpc.code": "OK", "grpc.time_ms": 0.359}
2024-06-24T14:26:16.844+0500	INFO	zap/options.go:212	finished unary call with code OK	{"grpc.start_time": "2024-06-24T14:26:16+05:00", "system": "grpc", "span.kind": "server", "grpc.service": "user_service.UserService", "grpc.method": "CreateUser", "peer.address": "127.0.0.1:37682", "grpc.code": "OK", "grpc.time_ms": 2.898}
2024-06-24T14:30:23.973+0500	INFO	zap/options.go:212	finished unary call with code OK	{"grpc.start_time": "2024-06-24T14:30:23+05:00", "system": "grpc", "span.kind": "server", "grpc.service": "user_service.UserService", "grpc.method": "UniqueEmail", "peer.address": "127.0.0.1:37682", "grpc.code": "OK", "grpc.time_ms": 1.453}
2024-06-24T14:31:18.940+0500	INFO	zap/options.go:212	finished unary call with code OK	{"grpc.start_time": "2024-06-24T14:31:18+05:00", "system": "grpc", "span.kind": "server", "grpc.service": "user_service.UserService", "grpc.method": "UniqueEmail", "peer.address": "127.0.0.1:37682", "grpc.code": "OK", "grpc.time_ms": 0.721}
